DEBUG - 2026-05-18 13:35:09 --> Session: Class initialized using 'CodeIgniter\Session\Handlers\FileHandler' driver.
DEBUG - 2026-05-18 13:36:00 --> Session: Class initialized using 'CodeIgniter\Session\Handlers\FileHandler' driver.
DEBUG - 2026-05-18 13:36:53 --> Session: Class initialized using 'CodeIgniter\Session\Handlers\FileHandler' driver.
DEBUG - 2026-05-18 13:37:28 --> Session: Class initialized using 'CodeIgniter\Session\Handlers\FileHandler' driver.
DEBUG - 2026-05-18 13:37:33 --> Session: Class initialized using 'CodeIgniter\Session\Handlers\FileHandler' driver.
DEBUG - 2026-05-18 14:07:33 --> Session: Class initialized using 'CodeIgniter\Session\Handlers\FileHandler' driver.
DEBUG - 2026-05-18 14:13:44 --> Session: Class initialized using 'CodeIgniter\Session\Handlers\FileHandler' driver.
DEBUG - 2026-05-18 14:13:49 --> Session: Class initialized using 'CodeIgniter\Session\Handlers\FileHandler' driver.
DEBUG - 2026-05-18 14:14:21 --> Session: Class initialized using 'CodeIgniter\Session\Handlers\FileHandler' driver.
DEBUG - 2026-05-18 14:14:23 --> Session: Class initialized using 'CodeIgniter\Session\Handlers\FileHandler' driver.
DEBUG - 2026-05-18 14:23:50 --> Session: Class initialized using 'CodeIgniter\Session\Handlers\FileHandler' driver.
DEBUG - 2026-05-18 14:24:02 --> Session: Class initialized using 'CodeIgniter\Session\Handlers\FileHandler' driver.
DEBUG - 2026-05-18 14:24:04 --> Session: Class initialized using 'CodeIgniter\Session\Handlers\FileHandler' driver.
DEBUG - 2026-05-18 14:24:47 --> Session: Class initialized using 'CodeIgniter\Session\Handlers\FileHandler' driver.
DEBUG - 2026-05-18 14:24:49 --> Session: Class initialized using 'CodeIgniter\Session\Handlers\FileHandler' driver.
DEBUG - 2026-05-18 14:27:29 --> Session: Class initialized using 'CodeIgniter\Session\Handlers\FileHandler' driver.
DEBUG - 2026-05-18 15:23:17 --> Session: Class initialized using 'CodeIgniter\Session\Handlers\FileHandler' driver.
DEBUG - 2026-05-18 15:24:45 --> Session: Class initialized using 'CodeIgniter\Session\Handlers\FileHandler' driver.
ERROR - 2026-05-18 15:24:45 --> Table 'kuliner_kampus.pesanan' doesn't exist
in SYSTEMPATH\Database\MySQLi\Connection.php on line 300.
 1 SYSTEMPATH\Database\MySQLi\Connection.php(300): mysqli->query('INSERT INTO `pesanan` (`id_tempat`, `nama_tempat`, `kategori`, `nama_pemesan`, `nomor_hp`, `menu_pesanan`, `jumlah`, `harga_perkiraan`, `catatan`, `metode_pembayaran`, `status_pesanan`, `tanggal_pesan`, `user_id`) VALUES (\'2\', \'Warmindo Spesial\', \'Angkringan\', \'Okan Salma Widanar\', \'08212345678\', \'[{\\"name\\":\\"Nasi Kucing\\",\\"quantity\\":1,\\"price\\":12000,\\"subtotal\\":12000}]\', 1, 13440, \'tidak pake nasi\', \'E-Wallet\', \'Menunggu Konfirmasi\', \'2026-05-18 15:24:45\', NULL)', 0)
 2 SYSTEMPATH\Database\BaseConnection.php(910): CodeIgniter\Database\MySQLi\Connection->execute('INSERT INTO `pesanan` (`id_tempat`, `nama_tempat`, `kategori`, `nama_pemesan`, `nomor_hp`, `menu_pesanan`, `jumlah`, `harga_perkiraan`, `catatan`, `metode_pembayaran`, `status_pesanan`, `tanggal_pesan`, `user_id`) VALUES (\'2\', \'Warmindo Spesial\', \'Angkringan\', \'Okan Salma Widanar\', \'08212345678\', \'[{\\"name\\":\\"Nasi Kucing\\",\\"quantity\\":1,\\"price\\":12000,\\"subtotal\\":12000}]\', 1, 13440, \'tidak pake nasi\', \'E-Wallet\', \'Menunggu Konfirmasi\', \'2026-05-18 15:24:45\', NULL)')
 3 SYSTEMPATH\Database\BaseConnection.php(827): CodeIgniter\Database\BaseConnection->simpleQuery('INSERT INTO `pesanan` (`id_tempat`, `nama_tempat`, `kategori`, `nama_pemesan`, `nomor_hp`, `menu_pesanan`, `jumlah`, `harga_perkiraan`, `catatan`, `metode_pembayaran`, `status_pesanan`, `tanggal_pesan`, `user_id`) VALUES (\'2\', \'Warmindo Spesial\', \'Angkringan\', \'Okan Salma Widanar\', \'08212345678\', \'[{\\"name\\":\\"Nasi Kucing\\",\\"quantity\\":1,\\"price\\":12000,\\"subtotal\\":12000}]\', 1, 13440, \'tidak pake nasi\', \'E-Wallet\', \'Menunggu Konfirmasi\', \'2026-05-18 15:24:45\', NULL)')
 4 SYSTEMPATH\Database\BaseBuilder.php(2345): CodeIgniter\Database\BaseConnection->query('INSERT INTO `pesanan` (`id_tempat`, `nama_tempat`, `kategori`, `nama_pemesan`, `nomor_hp`, `menu_pesanan`, `jumlah`, `harga_perkiraan`, `catatan`, `metode_pembayaran`, `status_pesanan`, `tanggal_pesan`, `user_id`) VALUES (:id_tempat:, :nama_tempat:, :kategori:, :nama_pemesan:, :nomor_hp:, :menu_pesanan:, :jumlah:, :harga_perkiraan:, :catatan:, :metode_pembayaran:, :status_pesanan:, :tanggal_pesan:, :user_id:)', [...], false)
 5 SYSTEMPATH\Model.php(355): CodeIgniter\Database\BaseBuilder->insert()
 6 SYSTEMPATH\BaseModel.php(899): CodeIgniter\Model->doInsert([...])
 7 SYSTEMPATH\Model.php(668): CodeIgniter\BaseModel->insert([...], true)
 8 APPPATH\Controllers\Pesanan.php(88): CodeIgniter\Model->insert([...])
 9 SYSTEMPATH\CodeIgniter.php(951): App\Controllers\Pesanan->simpan()
10 SYSTEMPATH\CodeIgniter.php(497): CodeIgniter\CodeIgniter->runController(Object(App\Controllers\Pesanan))
11 SYSTEMPATH\CodeIgniter.php(340): CodeIgniter\CodeIgniter->handleRequest(null, Object(Config\Cache), false)
12 SYSTEMPATH\Boot.php(417): CodeIgniter\CodeIgniter->run()
13 SYSTEMPATH\Boot.php(68): CodeIgniter\Boot::runCodeIgniter(Object(CodeIgniter\CodeIgniter))
14 FCPATH\index.php(59): CodeIgniter\Boot::bootWeb(Object(Config\Paths))
15 SYSTEMPATH\rewrite.php(44): require_once('C:\\xampp\\htdocs\\codeigniter4-framework-b3359be\\public\\index.php')
DEBUG - 2026-05-18 15:24:54 --> Session: Class initialized using 'CodeIgniter\Session\Handlers\FileHandler' driver.
ERROR - 2026-05-18 15:24:54 --> Table 'kuliner_kampus.pesanan' doesn't exist
in SYSTEMPATH\Database\MySQLi\Connection.php on line 300.
 1 SYSTEMPATH\Database\MySQLi\Connection.php(300): mysqli->query('INSERT INTO `pesanan` (`id_tempat`, `nama_tempat`, `kategori`, `nama_pemesan`, `nomor_hp`, `menu_pesanan`, `jumlah`, `harga_perkiraan`, `catatan`, `metode_pembayaran`, `status_pesanan`, `tanggal_pesan`, `user_id`) VALUES (\'2\', \'Warmindo Spesial\', \'Angkringan\', \'Okan Salma Widanar\', \'08212345678\', \'[{\\"name\\":\\"Nasi Kucing\\",\\"quantity\\":1,\\"price\\":12000,\\"subtotal\\":12000}]\', 1, 13440, \'tidak pake nasi\', \'E-Wallet\', \'Menunggu Konfirmasi\', \'2026-05-18 15:24:54\', NULL)', 0)
 2 SYSTEMPATH\Database\BaseConnection.php(910): CodeIgniter\Database\MySQLi\Connection->execute('INSERT INTO `pesanan` (`id_tempat`, `nama_tempat`, `kategori`, `nama_pemesan`, `nomor_hp`, `menu_pesanan`, `jumlah`, `harga_perkiraan`, `catatan`, `metode_pembayaran`, `status_pesanan`, `tanggal_pesan`, `user_id`) VALUES (\'2\', \'Warmindo Spesial\', \'Angkringan\', \'Okan Salma Widanar\', \'08212345678\', \'[{\\"name\\":\\"Nasi Kucing\\",\\"quantity\\":1,\\"price\\":12000,\\"subtotal\\":12000}]\', 1, 13440, \'tidak pake nasi\', \'E-Wallet\', \'Menunggu Konfirmasi\', \'2026-05-18 15:24:54\', NULL)')
 3 SYSTEMPATH\Database\BaseConnection.php(827): CodeIgniter\Database\BaseConnection->simpleQuery('INSERT INTO `pesanan` (`id_tempat`, `nama_tempat`, `kategori`, `nama_pemesan`, `nomor_hp`, `menu_pesanan`, `jumlah`, `harga_perkiraan`, `catatan`, `metode_pembayaran`, `status_pesanan`, `tanggal_pesan`, `user_id`) VALUES (\'2\', \'Warmindo Spesial\', \'Angkringan\', \'Okan Salma Widanar\', \'08212345678\', \'[{\\"name\\":\\"Nasi Kucing\\",\\"quantity\\":1,\\"price\\":12000,\\"subtotal\\":12000}]\', 1, 13440, \'tidak pake nasi\', \'E-Wallet\', \'Menunggu Konfirmasi\', \'2026-05-18 15:24:54\', NULL)')
 4 SYSTEMPATH\Database\BaseBuilder.php(2345): CodeIgniter\Database\BaseConnection->query('INSERT INTO `pesanan` (`id_tempat`, `nama_tempat`, `kategori`, `nama_pemesan`, `nomor_hp`, `menu_pesanan`, `jumlah`, `harga_perkiraan`, `catatan`, `metode_pembayaran`, `status_pesanan`, `tanggal_pesan`, `user_id`) VALUES (:id_tempat:, :nama_tempat:, :kategori:, :nama_pemesan:, :nomor_hp:, :menu_pesanan:, :jumlah:, :harga_perkiraan:, :catatan:, :metode_pembayaran:, :status_pesanan:, :tanggal_pesan:, :user_id:)', [...], false)
 5 SYSTEMPATH\Model.php(355): CodeIgniter\Database\BaseBuilder->insert()
 6 SYSTEMPATH\BaseModel.php(899): CodeIgniter\Model->doInsert([...])
 7 SYSTEMPATH\Model.php(668): CodeIgniter\BaseModel->insert([...], true)
 8 APPPATH\Controllers\Pesanan.php(88): CodeIgniter\Model->insert([...])
 9 SYSTEMPATH\CodeIgniter.php(951): App\Controllers\Pesanan->simpan()
10 SYSTEMPATH\CodeIgniter.php(497): CodeIgniter\CodeIgniter->runController(Object(App\Controllers\Pesanan))
11 SYSTEMPATH\CodeIgniter.php(340): CodeIgniter\CodeIgniter->handleRequest(null, Object(Config\Cache), false)
12 SYSTEMPATH\Boot.php(417): CodeIgniter\CodeIgniter->run()
13 SYSTEMPATH\Boot.php(68): CodeIgniter\Boot::runCodeIgniter(Object(CodeIgniter\CodeIgniter))
14 FCPATH\index.php(59): CodeIgniter\Boot::bootWeb(Object(Config\Paths))
15 SYSTEMPATH\rewrite.php(44): require_once('C:\\xampp\\htdocs\\codeigniter4-framework-b3359be\\public\\index.php')
DEBUG - 2026-05-18 15:25:13 --> Session: Class initialized using 'CodeIgniter\Session\Handlers\FileHandler' driver.
DEBUG - 2026-05-18 15:25:14 --> Session: Class initialized using 'CodeIgniter\Session\Handlers\FileHandler' driver.
DEBUG - 2026-05-18 15:25:39 --> Session: Class initialized using 'CodeIgniter\Session\Handlers\FileHandler' driver.
DEBUG - 2026-05-18 15:25:41 --> Session: Class initialized using 'CodeIgniter\Session\Handlers\FileHandler' driver.
DEBUG - 2026-05-18 16:06:37 --> Session: Class initialized using 'CodeIgniter\Session\Handlers\FileHandler' driver.
ERROR - 2026-05-18 16:06:37 --> Table 'kuliner_kampus.pesanan' doesn't exist
in SYSTEMPATH\Database\MySQLi\Connection.php on line 300.
 1 SYSTEMPATH\Database\MySQLi\Connection.php(300): mysqli->query('INSERT INTO `pesanan` (`id_tempat`, `nama_tempat`, `kategori`, `nama_pemesan`, `nomor_hp`, `menu_pesanan`, `jumlah`, `harga_perkiraan`, `catatan`, `metode_pembayaran`, `status_pesanan`, `tanggal_pesan`, `user_id`) VALUES (\'2\', \'Warmindo Spesial\', \'Angkringan\', \'Salma Okan\', \'08123456789\', \'[{\\"name\\":\\"Sate Usus\\",\\"quantity\\":1,\\"price\\":15000,\\"subtotal\\":15000},{\\"name\\":\\"Es Teh Manis\\",\\"quantity\\":1,\\"price\\":7000,\\"subtotal\\":7000}]\', 2, 24640, \'tidak pedas\', \'Tunai\', \'Menunggu Konfirmasi\', \'2026-05-18 16:06:37\', NULL)', 0)
 2 SYSTEMPATH\Database\BaseConnection.php(910): CodeIgniter\Database\MySQLi\Connection->execute('INSERT INTO `pesanan` (`id_tempat`, `nama_tempat`, `kategori`, `nama_pemesan`, `nomor_hp`, `menu_pesanan`, `jumlah`, `harga_perkiraan`, `catatan`, `metode_pembayaran`, `status_pesanan`, `tanggal_pesan`, `user_id`) VALUES (\'2\', \'Warmindo Spesial\', \'Angkringan\', \'Salma Okan\', \'08123456789\', \'[{\\"name\\":\\"Sate Usus\\",\\"quantity\\":1,\\"price\\":15000,\\"subtotal\\":15000},{\\"name\\":\\"Es Teh Manis\\",\\"quantity\\":1,\\"price\\":7000,\\"subtotal\\":7000}]\', 2, 24640, \'tidak pedas\', \'Tunai\', \'Menunggu Konfirmasi\', \'2026-05-18 16:06:37\', NULL)')
 3 SYSTEMPATH\Database\BaseConnection.php(827): CodeIgniter\Database\BaseConnection->simpleQuery('INSERT INTO `pesanan` (`id_tempat`, `nama_tempat`, `kategori`, `nama_pemesan`, `nomor_hp`, `menu_pesanan`, `jumlah`, `harga_perkiraan`, `catatan`, `metode_pembayaran`, `status_pesanan`, `tanggal_pesan`, `user_id`) VALUES (\'2\', \'Warmindo Spesial\', \'Angkringan\', \'Salma Okan\', \'08123456789\', \'[{\\"name\\":\\"Sate Usus\\",\\"quantity\\":1,\\"price\\":15000,\\"subtotal\\":15000},{\\"name\\":\\"Es Teh Manis\\",\\"quantity\\":1,\\"price\\":7000,\\"subtotal\\":7000}]\', 2, 24640, \'tidak pedas\', \'Tunai\', \'Menunggu Konfirmasi\', \'2026-05-18 16:06:37\', NULL)')
 4 SYSTEMPATH\Database\BaseBuilder.php(2345): CodeIgniter\Database\BaseConnection->query('INSERT INTO `pesanan` (`id_tempat`, `nama_tempat`, `kategori`, `nama_pemesan`, `nomor_hp`, `menu_pesanan`, `jumlah`, `harga_perkiraan`, `catatan`, `metode_pembayaran`, `status_pesanan`, `tanggal_pesan`, `user_id`) VALUES (:id_tempat:, :nama_tempat:, :kategori:, :nama_pemesan:, :nomor_hp:, :menu_pesanan:, :jumlah:, :harga_perkiraan:, :catatan:, :metode_pembayaran:, :status_pesanan:, :tanggal_pesan:, :user_id:)', [...], false)
 5 SYSTEMPATH\Model.php(355): CodeIgniter\Database\BaseBuilder->insert()
 6 SYSTEMPATH\BaseModel.php(899): CodeIgniter\Model->doInsert([...])
 7 SYSTEMPATH\Model.php(668): CodeIgniter\BaseModel->insert([...], true)
 8 APPPATH\Controllers\Pesanan.php(88): CodeIgniter\Model->insert([...])
 9 SYSTEMPATH\CodeIgniter.php(951): App\Controllers\Pesanan->simpan()
10 SYSTEMPATH\CodeIgniter.php(497): CodeIgniter\CodeIgniter->runController(Object(App\Controllers\Pesanan))
11 SYSTEMPATH\CodeIgniter.php(340): CodeIgniter\CodeIgniter->handleRequest(null, Object(Config\Cache), false)
12 SYSTEMPATH\Boot.php(417): CodeIgniter\CodeIgniter->run()
13 SYSTEMPATH\Boot.php(68): CodeIgniter\Boot::runCodeIgniter(Object(CodeIgniter\CodeIgniter))
14 FCPATH\index.php(59): CodeIgniter\Boot::bootWeb(Object(Config\Paths))
15 SYSTEMPATH\rewrite.php(44): require_once('C:\\xampp\\htdocs\\codeigniter4-framework-b3359be\\public\\index.php')
DEBUG - 2026-05-18 16:11:42 --> Session: Class initialized using 'CodeIgniter\Session\Handlers\FileHandler' driver.
DEBUG - 2026-05-18 16:37:12 --> Session: Class initialized using 'CodeIgniter\Session\Handlers\FileHandler' driver.
DEBUG - 2026-05-18 16:39:53 --> Session: Class initialized using 'CodeIgniter\Session\Handlers\FileHandler' driver.
DEBUG - 2026-05-18 16:44:39 --> Session: Class initialized using 'CodeIgniter\Session\Handlers\FileHandler' driver.
DEBUG - 2026-05-18 17:42:58 --> Session: Class initialized using 'CodeIgniter\Session\Handlers\FileHandler' driver.
