DEBUG - 2026-05-05 02:25:45 --> Session: Class initialized using 'CodeIgniter\Session\Handlers\FileHandler' driver.
DEBUG - 2026-05-05 02:25:55 --> Session: Class initialized using 'CodeIgniter\Session\Handlers\FileHandler' driver.
DEBUG - 2026-05-05 02:25:56 --> Session: Class initialized using 'CodeIgniter\Session\Handlers\FileHandler' driver.
DEBUG - 2026-05-05 02:35:29 --> Session: Class initialized using 'CodeIgniter\Session\Handlers\FileHandler' driver.
DEBUG - 2026-05-05 02:36:03 --> Session: Class initialized using 'CodeIgniter\Session\Handlers\FileHandler' driver.
DEBUG - 2026-05-05 02:38:12 --> Session: Class initialized using 'CodeIgniter\Session\Handlers\FileHandler' driver.
DEBUG - 2026-05-05 02:39:39 --> Session: Class initialized using 'CodeIgniter\Session\Handlers\FileHandler' driver.
DEBUG - 2026-05-05 02:40:15 --> Session: Class initialized using 'CodeIgniter\Session\Handlers\FileHandler' driver.
DEBUG - 2026-05-05 02:43:06 --> Session: Class initialized using 'CodeIgniter\Session\Handlers\FileHandler' driver.
DEBUG - 2026-05-05 03:04:35 --> Session: Class initialized using 'CodeIgniter\Session\Handlers\FileHandler' driver.
DEBUG - 2026-05-05 03:05:02 --> Session: Class initialized using 'CodeIgniter\Session\Handlers\FileHandler' driver.
DEBUG - 2026-05-05 03:05:08 --> Session: Class initialized using 'CodeIgniter\Session\Handlers\FileHandler' driver.
DEBUG - 2026-05-05 03:05:40 --> Session: Class initialized using 'CodeIgniter\Session\Handlers\FileHandler' driver.
DEBUG - 2026-05-05 03:05:42 --> Session: Class initialized using 'CodeIgniter\Session\Handlers\FileHandler' driver.
DEBUG - 2026-05-05 03:10:59 --> Session: Class initialized using 'CodeIgniter\Session\Handlers\FileHandler' driver.
DEBUG - 2026-05-05 03:12:47 --> Session: Class initialized using 'CodeIgniter\Session\Handlers\FileHandler' driver.
DEBUG - 2026-05-05 03:13:45 --> Session: Class initialized using 'CodeIgniter\Session\Handlers\FileHandler' driver.
DEBUG - 2026-05-05 03:16:29 --> Session: Class initialized using 'CodeIgniter\Session\Handlers\FileHandler' driver.
DEBUG - 2026-05-05 03:18:55 --> Session: Class initialized using 'CodeIgniter\Session\Handlers\FileHandler' driver.
DEBUG - 2026-05-05 03:30:24 --> Session: Class initialized using 'CodeIgniter\Session\Handlers\FileHandler' driver.
DEBUG - 2026-05-05 03:37:02 --> Session: Class initialized using 'CodeIgniter\Session\Handlers\FileHandler' driver.
DEBUG - 2026-05-05 03:41:49 --> Session: Class initialized using 'CodeIgniter\Session\Handlers\FileHandler' driver.
DEBUG - 2026-05-05 03:46:04 --> Session: Class initialized using 'CodeIgniter\Session\Handlers\FileHandler' driver.
DEBUG - 2026-05-05 03:46:22 --> Session: Class initialized using 'CodeIgniter\Session\Handlers\FileHandler' driver.
DEBUG - 2026-05-05 03:46:23 --> Session: Class initialized using 'CodeIgniter\Session\Handlers\FileHandler' driver.
DEBUG - 2026-05-05 03:46:30 --> Session: Class initialized using 'CodeIgniter\Session\Handlers\FileHandler' driver.
DEBUG - 2026-05-05 03:46:31 --> Session: Class initialized using 'CodeIgniter\Session\Handlers\FileHandler' driver.
DEBUG - 2026-05-05 05:04:16 --> Session: Class initialized using 'CodeIgniter\Session\Handlers\FileHandler' driver.
DEBUG - 2026-05-05 05:05:52 --> Session: Class initialized using 'CodeIgniter\Session\Handlers\FileHandler' driver.
DEBUG - 2026-05-05 05:09:47 --> Session: Class initialized using 'CodeIgniter\Session\Handlers\FileHandler' driver.
DEBUG - 2026-05-05 05:14:03 --> Session: Class initialized using 'CodeIgniter\Session\Handlers\FileHandler' driver.
DEBUG - 2026-05-05 05:18:38 --> Session: Class initialized using 'CodeIgniter\Session\Handlers\FileHandler' driver.
DEBUG - 2026-05-05 05:19:35 --> Session: Class initialized using 'CodeIgniter\Session\Handlers\FileHandler' driver.
DEBUG - 2026-05-05 05:26:00 --> Session: Class initialized using 'CodeIgniter\Session\Handlers\FileHandler' driver.
DEBUG - 2026-05-05 05:32:45 --> Session: Class initialized using 'CodeIgniter\Session\Handlers\FileHandler' driver.
DEBUG - 2026-05-05 05:38:26 --> Session: Class initialized using 'CodeIgniter\Session\Handlers\FileHandler' driver.
DEBUG - 2026-05-05 05:40:11 --> Session: Class initialized using 'CodeIgniter\Session\Handlers\FileHandler' driver.
DEBUG - 2026-05-05 05:49:31 --> Session: Class initialized using 'CodeIgniter\Session\Handlers\FileHandler' driver.
DEBUG - 2026-05-05 05:50:52 --> Session: Class initialized using 'CodeIgniter\Session\Handlers\FileHandler' driver.
DEBUG - 2026-05-05 05:51:58 --> Session: Class initialized using 'CodeIgniter\Session\Handlers\FileHandler' driver.
DEBUG - 2026-05-05 05:52:56 --> Session: Class initialized using 'CodeIgniter\Session\Handlers\FileHandler' driver.
DEBUG - 2026-05-05 05:53:13 --> Session: Class initialized using 'CodeIgniter\Session\Handlers\FileHandler' driver.
DEBUG - 2026-05-05 05:56:17 --> Session: Class initialized using 'CodeIgniter\Session\Handlers\FileHandler' driver.
DEBUG - 2026-05-05 05:57:44 --> Session: Class initialized using 'CodeIgniter\Session\Handlers\FileHandler' driver.
ERROR - 2026-05-05 05:57:44 --> Table 'kuliner_kampus.pesanan' doesn't exist
in SYSTEMPATH\Database\MySQLi\Connection.php on line 300.
 1 SYSTEMPATH\Database\MySQLi\Connection.php(300): mysqli->query('INSERT INTO `pesanan` (`id_tempat`, `nama_tempat`, `kategori`, `nama_pemesan`, `nomor_hp`, `menu_pesanan`, `jumlah`, `harga_perkiraan`, `catatan`, `metode_pembayaran`, `status_pesanan`, `tanggal_pesan`, `user_id`) VALUES (\'2\', \'Warmindo Spesial\', \'Angkringan\', \'juan\', \'0852345678\', \'[{\\"name\\":\\"Nasi Kucing\\",\\"quantity\\":1,\\"price\\":12000,\\"subtotal\\":12000},{\\"name\\":\\"Sate Usus\\",\\"quantity\\":1,\\"price\\":15000,\\"subtotal\\":15000}]\', 2, 30240, \'janagan pedas\', \'Tunai\', \'Menunggu Konfirmasi\', \'2026-05-05 05:57:44\', NULL)', 0)
 2 SYSTEMPATH\Database\BaseConnection.php(910): CodeIgniter\Database\MySQLi\Connection->execute('INSERT INTO `pesanan` (`id_tempat`, `nama_tempat`, `kategori`, `nama_pemesan`, `nomor_hp`, `menu_pesanan`, `jumlah`, `harga_perkiraan`, `catatan`, `metode_pembayaran`, `status_pesanan`, `tanggal_pesan`, `user_id`) VALUES (\'2\', \'Warmindo Spesial\', \'Angkringan\', \'juan\', \'0852345678\', \'[{\\"name\\":\\"Nasi Kucing\\",\\"quantity\\":1,\\"price\\":12000,\\"subtotal\\":12000},{\\"name\\":\\"Sate Usus\\",\\"quantity\\":1,\\"price\\":15000,\\"subtotal\\":15000}]\', 2, 30240, \'janagan pedas\', \'Tunai\', \'Menunggu Konfirmasi\', \'2026-05-05 05:57:44\', NULL)')
 3 SYSTEMPATH\Database\BaseConnection.php(827): CodeIgniter\Database\BaseConnection->simpleQuery('INSERT INTO `pesanan` (`id_tempat`, `nama_tempat`, `kategori`, `nama_pemesan`, `nomor_hp`, `menu_pesanan`, `jumlah`, `harga_perkiraan`, `catatan`, `metode_pembayaran`, `status_pesanan`, `tanggal_pesan`, `user_id`) VALUES (\'2\', \'Warmindo Spesial\', \'Angkringan\', \'juan\', \'0852345678\', \'[{\\"name\\":\\"Nasi Kucing\\",\\"quantity\\":1,\\"price\\":12000,\\"subtotal\\":12000},{\\"name\\":\\"Sate Usus\\",\\"quantity\\":1,\\"price\\":15000,\\"subtotal\\":15000}]\', 2, 30240, \'janagan pedas\', \'Tunai\', \'Menunggu Konfirmasi\', \'2026-05-05 05:57:44\', NULL)')
 4 SYSTEMPATH\Database\BaseBuilder.php(2345): CodeIgniter\Database\BaseConnection->query('INSERT INTO `pesanan` (`id_tempat`, `nama_tempat`, `kategori`, `nama_pemesan`, `nomor_hp`, `menu_pesanan`, `jumlah`, `harga_perkiraan`, `catatan`, `metode_pembayaran`, `status_pesanan`, `tanggal_pesan`, `user_id`) VALUES (:id_tempat:, :nama_tempat:, :kategori:, :nama_pemesan:, :nomor_hp:, :menu_pesanan:, :jumlah:, :harga_perkiraan:, :catatan:, :metode_pembayaran:, :status_pesanan:, :tanggal_pesan:, :user_id:)', [...], false)
 5 SYSTEMPATH\Model.php(355): CodeIgniter\Database\BaseBuilder->insert()
 6 SYSTEMPATH\BaseModel.php(899): CodeIgniter\Model->doInsert([...])
 7 SYSTEMPATH\Model.php(668): CodeIgniter\BaseModel->insert([...], true)
 8 APPPATH\Controllers\Pesanan.php(88): CodeIgniter\Model->insert([...])
 9 SYSTEMPATH\CodeIgniter.php(951): App\Controllers\Pesanan->simpan()
10 SYSTEMPATH\CodeIgniter.php(497): CodeIgniter\CodeIgniter->runController(Object(App\Controllers\Pesanan))
11 SYSTEMPATH\CodeIgniter.php(340): CodeIgniter\CodeIgniter->handleRequest(null, Object(Config\Cache), false)
12 SYSTEMPATH\Boot.php(417): CodeIgniter\CodeIgniter->run()
13 SYSTEMPATH\Boot.php(68): CodeIgniter\Boot::runCodeIgniter(Object(CodeIgniter\CodeIgniter))
14 FCPATH\index.php(59): CodeIgniter\Boot::bootWeb(Object(Config\Paths))
15 SYSTEMPATH\rewrite.php(44): require_once('C:\\xampp\\htdocs\\codeigniter4-framework-b3359be\\public\\index.php')
DEBUG - 2026-05-05 05:57:57 --> Session: Class initialized using 'CodeIgniter\Session\Handlers\FileHandler' driver.
ERROR - 2026-05-05 05:57:57 --> Table 'kuliner_kampus.pesanan' doesn't exist
in SYSTEMPATH\Database\MySQLi\Connection.php on line 300.
 1 SYSTEMPATH\Database\MySQLi\Connection.php(300): mysqli->query('INSERT INTO `pesanan` (`id_tempat`, `nama_tempat`, `kategori`, `nama_pemesan`, `nomor_hp`, `menu_pesanan`, `jumlah`, `harga_perkiraan`, `catatan`, `metode_pembayaran`, `status_pesanan`, `tanggal_pesan`, `user_id`) VALUES (\'2\', \'Warmindo Spesial\', \'Angkringan\', \'juan\', \'0852345678\', \'[{\\"name\\":\\"Nasi Kucing\\",\\"quantity\\":1,\\"price\\":12000,\\"subtotal\\":12000},{\\"name\\":\\"Sate Usus\\",\\"quantity\\":1,\\"price\\":15000,\\"subtotal\\":15000}]\', 2, 30240, \'janagan pedas\', \'Tunai\', \'Menunggu Konfirmasi\', \'2026-05-05 05:57:57\', NULL)', 0)
 2 SYSTEMPATH\Database\BaseConnection.php(910): CodeIgniter\Database\MySQLi\Connection->execute('INSERT INTO `pesanan` (`id_tempat`, `nama_tempat`, `kategori`, `nama_pemesan`, `nomor_hp`, `menu_pesanan`, `jumlah`, `harga_perkiraan`, `catatan`, `metode_pembayaran`, `status_pesanan`, `tanggal_pesan`, `user_id`) VALUES (\'2\', \'Warmindo Spesial\', \'Angkringan\', \'juan\', \'0852345678\', \'[{\\"name\\":\\"Nasi Kucing\\",\\"quantity\\":1,\\"price\\":12000,\\"subtotal\\":12000},{\\"name\\":\\"Sate Usus\\",\\"quantity\\":1,\\"price\\":15000,\\"subtotal\\":15000}]\', 2, 30240, \'janagan pedas\', \'Tunai\', \'Menunggu Konfirmasi\', \'2026-05-05 05:57:57\', NULL)')
 3 SYSTEMPATH\Database\BaseConnection.php(827): CodeIgniter\Database\BaseConnection->simpleQuery('INSERT INTO `pesanan` (`id_tempat`, `nama_tempat`, `kategori`, `nama_pemesan`, `nomor_hp`, `menu_pesanan`, `jumlah`, `harga_perkiraan`, `catatan`, `metode_pembayaran`, `status_pesanan`, `tanggal_pesan`, `user_id`) VALUES (\'2\', \'Warmindo Spesial\', \'Angkringan\', \'juan\', \'0852345678\', \'[{\\"name\\":\\"Nasi Kucing\\",\\"quantity\\":1,\\"price\\":12000,\\"subtotal\\":12000},{\\"name\\":\\"Sate Usus\\",\\"quantity\\":1,\\"price\\":15000,\\"subtotal\\":15000}]\', 2, 30240, \'janagan pedas\', \'Tunai\', \'Menunggu Konfirmasi\', \'2026-05-05 05:57:57\', NULL)')
 4 SYSTEMPATH\Database\BaseBuilder.php(2345): CodeIgniter\Database\BaseConnection->query('INSERT INTO `pesanan` (`id_tempat`, `nama_tempat`, `kategori`, `nama_pemesan`, `nomor_hp`, `menu_pesanan`, `jumlah`, `harga_perkiraan`, `catatan`, `metode_pembayaran`, `status_pesanan`, `tanggal_pesan`, `user_id`) VALUES (:id_tempat:, :nama_tempat:, :kategori:, :nama_pemesan:, :nomor_hp:, :menu_pesanan:, :jumlah:, :harga_perkiraan:, :catatan:, :metode_pembayaran:, :status_pesanan:, :tanggal_pesan:, :user_id:)', [...], false)
 5 SYSTEMPATH\Model.php(355): CodeIgniter\Database\BaseBuilder->insert()
 6 SYSTEMPATH\BaseModel.php(899): CodeIgniter\Model->doInsert([...])
 7 SYSTEMPATH\Model.php(668): CodeIgniter\BaseModel->insert([...], true)
 8 APPPATH\Controllers\Pesanan.php(88): CodeIgniter\Model->insert([...])
 9 SYSTEMPATH\CodeIgniter.php(951): App\Controllers\Pesanan->simpan()
10 SYSTEMPATH\CodeIgniter.php(497): CodeIgniter\CodeIgniter->runController(Object(App\Controllers\Pesanan))
11 SYSTEMPATH\CodeIgniter.php(340): CodeIgniter\CodeIgniter->handleRequest(null, Object(Config\Cache), false)
12 SYSTEMPATH\Boot.php(417): CodeIgniter\CodeIgniter->run()
13 SYSTEMPATH\Boot.php(68): CodeIgniter\Boot::runCodeIgniter(Object(CodeIgniter\CodeIgniter))
14 FCPATH\index.php(59): CodeIgniter\Boot::bootWeb(Object(Config\Paths))
15 SYSTEMPATH\rewrite.php(44): require_once('C:\\xampp\\htdocs\\codeigniter4-framework-b3359be\\public\\index.php')
DEBUG - 2026-05-05 05:58:19 --> Session: Class initialized using 'CodeIgniter\Session\Handlers\FileHandler' driver.
ERROR - 2026-05-05 05:58:19 --> Table 'kuliner_kampus.pesanan' doesn't exist
in SYSTEMPATH\Database\MySQLi\Connection.php on line 300.
 1 SYSTEMPATH\Database\MySQLi\Connection.php(300): mysqli->query('INSERT INTO `pesanan` (`id_tempat`, `nama_tempat`, `kategori`, `nama_pemesan`, `nomor_hp`, `menu_pesanan`, `jumlah`, `harga_perkiraan`, `catatan`, `metode_pembayaran`, `status_pesanan`, `tanggal_pesan`, `user_id`) VALUES (\'2\', \'Warmindo Spesial\', \'Angkringan\', \'juan\', \'0852345678\', \'[{\\"name\\":\\"Nasi Kucing\\",\\"quantity\\":1,\\"price\\":12000,\\"subtotal\\":12000},{\\"name\\":\\"Sate Usus\\",\\"quantity\\":1,\\"price\\":15000,\\"subtotal\\":15000}]\', 2, 30240, \'janagan pedas\', \'Tunai\', \'Menunggu Konfirmasi\', \'2026-05-05 05:58:19\', NULL)', 0)
 2 SYSTEMPATH\Database\BaseConnection.php(910): CodeIgniter\Database\MySQLi\Connection->execute('INSERT INTO `pesanan` (`id_tempat`, `nama_tempat`, `kategori`, `nama_pemesan`, `nomor_hp`, `menu_pesanan`, `jumlah`, `harga_perkiraan`, `catatan`, `metode_pembayaran`, `status_pesanan`, `tanggal_pesan`, `user_id`) VALUES (\'2\', \'Warmindo Spesial\', \'Angkringan\', \'juan\', \'0852345678\', \'[{\\"name\\":\\"Nasi Kucing\\",\\"quantity\\":1,\\"price\\":12000,\\"subtotal\\":12000},{\\"name\\":\\"Sate Usus\\",\\"quantity\\":1,\\"price\\":15000,\\"subtotal\\":15000}]\', 2, 30240, \'janagan pedas\', \'Tunai\', \'Menunggu Konfirmasi\', \'2026-05-05 05:58:19\', NULL)')
 3 SYSTEMPATH\Database\BaseConnection.php(827): CodeIgniter\Database\BaseConnection->simpleQuery('INSERT INTO `pesanan` (`id_tempat`, `nama_tempat`, `kategori`, `nama_pemesan`, `nomor_hp`, `menu_pesanan`, `jumlah`, `harga_perkiraan`, `catatan`, `metode_pembayaran`, `status_pesanan`, `tanggal_pesan`, `user_id`) VALUES (\'2\', \'Warmindo Spesial\', \'Angkringan\', \'juan\', \'0852345678\', \'[{\\"name\\":\\"Nasi Kucing\\",\\"quantity\\":1,\\"price\\":12000,\\"subtotal\\":12000},{\\"name\\":\\"Sate Usus\\",\\"quantity\\":1,\\"price\\":15000,\\"subtotal\\":15000}]\', 2, 30240, \'janagan pedas\', \'Tunai\', \'Menunggu Konfirmasi\', \'2026-05-05 05:58:19\', NULL)')
 4 SYSTEMPATH\Database\BaseBuilder.php(2345): CodeIgniter\Database\BaseConnection->query('INSERT INTO `pesanan` (`id_tempat`, `nama_tempat`, `kategori`, `nama_pemesan`, `nomor_hp`, `menu_pesanan`, `jumlah`, `harga_perkiraan`, `catatan`, `metode_pembayaran`, `status_pesanan`, `tanggal_pesan`, `user_id`) VALUES (:id_tempat:, :nama_tempat:, :kategori:, :nama_pemesan:, :nomor_hp:, :menu_pesanan:, :jumlah:, :harga_perkiraan:, :catatan:, :metode_pembayaran:, :status_pesanan:, :tanggal_pesan:, :user_id:)', [...], false)
 5 SYSTEMPATH\Model.php(355): CodeIgniter\Database\BaseBuilder->insert()
 6 SYSTEMPATH\BaseModel.php(899): CodeIgniter\Model->doInsert([...])
 7 SYSTEMPATH\Model.php(668): CodeIgniter\BaseModel->insert([...], true)
 8 APPPATH\Controllers\Pesanan.php(88): CodeIgniter\Model->insert([...])
 9 SYSTEMPATH\CodeIgniter.php(951): App\Controllers\Pesanan->simpan()
10 SYSTEMPATH\CodeIgniter.php(497): CodeIgniter\CodeIgniter->runController(Object(App\Controllers\Pesanan))
11 SYSTEMPATH\CodeIgniter.php(340): CodeIgniter\CodeIgniter->handleRequest(null, Object(Config\Cache), false)
12 SYSTEMPATH\Boot.php(417): CodeIgniter\CodeIgniter->run()
13 SYSTEMPATH\Boot.php(68): CodeIgniter\Boot::runCodeIgniter(Object(CodeIgniter\CodeIgniter))
14 FCPATH\index.php(59): CodeIgniter\Boot::bootWeb(Object(Config\Paths))
15 SYSTEMPATH\rewrite.php(44): require_once('C:\\xampp\\htdocs\\codeigniter4-framework-b3359be\\public\\index.php')
DEBUG - 2026-05-05 05:59:27 --> Session: Class initialized using 'CodeIgniter\Session\Handlers\FileHandler' driver.
DEBUG - 2026-05-05 06:00:10 --> Session: Class initialized using 'CodeIgniter\Session\Handlers\FileHandler' driver.
ERROR - 2026-05-05 06:00:10 --> Table 'kuliner_kampus.pesanan' doesn't exist
in SYSTEMPATH\Database\MySQLi\Connection.php on line 300.
 1 SYSTEMPATH\Database\MySQLi\Connection.php(300): mysqli->query('INSERT INTO `pesanan` (`id_tempat`, `nama_tempat`, `kategori`, `nama_pemesan`, `nomor_hp`, `menu_pesanan`, `jumlah`, `harga_perkiraan`, `catatan`, `metode_pembayaran`, `status_pesanan`, `tanggal_pesan`, `user_id`) VALUES (\'2\', \'Warmindo Spesial\', \'Angkringan\', \'Salma Okan\', \'08212345678\', \'[{\\"name\\":\\"Nasi Kucing\\",\\"quantity\\":1,\\"price\\":12000,\\"subtotal\\":12000}]\', 1, 13440, \'\', \'Tunai\', \'Menunggu Konfirmasi\', \'2026-05-05 06:00:10\', NULL)', 0)
 2 SYSTEMPATH\Database\BaseConnection.php(910): CodeIgniter\Database\MySQLi\Connection->execute('INSERT INTO `pesanan` (`id_tempat`, `nama_tempat`, `kategori`, `nama_pemesan`, `nomor_hp`, `menu_pesanan`, `jumlah`, `harga_perkiraan`, `catatan`, `metode_pembayaran`, `status_pesanan`, `tanggal_pesan`, `user_id`) VALUES (\'2\', \'Warmindo Spesial\', \'Angkringan\', \'Salma Okan\', \'08212345678\', \'[{\\"name\\":\\"Nasi Kucing\\",\\"quantity\\":1,\\"price\\":12000,\\"subtotal\\":12000}]\', 1, 13440, \'\', \'Tunai\', \'Menunggu Konfirmasi\', \'2026-05-05 06:00:10\', NULL)')
 3 SYSTEMPATH\Database\BaseConnection.php(827): CodeIgniter\Database\BaseConnection->simpleQuery('INSERT INTO `pesanan` (`id_tempat`, `nama_tempat`, `kategori`, `nama_pemesan`, `nomor_hp`, `menu_pesanan`, `jumlah`, `harga_perkiraan`, `catatan`, `metode_pembayaran`, `status_pesanan`, `tanggal_pesan`, `user_id`) VALUES (\'2\', \'Warmindo Spesial\', \'Angkringan\', \'Salma Okan\', \'08212345678\', \'[{\\"name\\":\\"Nasi Kucing\\",\\"quantity\\":1,\\"price\\":12000,\\"subtotal\\":12000}]\', 1, 13440, \'\', \'Tunai\', \'Menunggu Konfirmasi\', \'2026-05-05 06:00:10\', NULL)')
 4 SYSTEMPATH\Database\BaseBuilder.php(2345): CodeIgniter\Database\BaseConnection->query('INSERT INTO `pesanan` (`id_tempat`, `nama_tempat`, `kategori`, `nama_pemesan`, `nomor_hp`, `menu_pesanan`, `jumlah`, `harga_perkiraan`, `catatan`, `metode_pembayaran`, `status_pesanan`, `tanggal_pesan`, `user_id`) VALUES (:id_tempat:, :nama_tempat:, :kategori:, :nama_pemesan:, :nomor_hp:, :menu_pesanan:, :jumlah:, :harga_perkiraan:, :catatan:, :metode_pembayaran:, :status_pesanan:, :tanggal_pesan:, :user_id:)', [...], false)
 5 SYSTEMPATH\Model.php(355): CodeIgniter\Database\BaseBuilder->insert()
 6 SYSTEMPATH\BaseModel.php(899): CodeIgniter\Model->doInsert([...])
 7 SYSTEMPATH\Model.php(668): CodeIgniter\BaseModel->insert([...], true)
 8 APPPATH\Controllers\Pesanan.php(88): CodeIgniter\Model->insert([...])
 9 SYSTEMPATH\CodeIgniter.php(951): App\Controllers\Pesanan->simpan()
10 SYSTEMPATH\CodeIgniter.php(497): CodeIgniter\CodeIgniter->runController(Object(App\Controllers\Pesanan))
11 SYSTEMPATH\CodeIgniter.php(340): CodeIgniter\CodeIgniter->handleRequest(null, Object(Config\Cache), false)
12 SYSTEMPATH\Boot.php(417): CodeIgniter\CodeIgniter->run()
13 SYSTEMPATH\Boot.php(68): CodeIgniter\Boot::runCodeIgniter(Object(CodeIgniter\CodeIgniter))
14 FCPATH\index.php(59): CodeIgniter\Boot::bootWeb(Object(Config\Paths))
15 SYSTEMPATH\rewrite.php(44): require_once('C:\\xampp\\htdocs\\codeigniter4-framework-b3359be\\public\\index.php')
DEBUG - 2026-05-05 06:06:46 --> Session: Class initialized using 'CodeIgniter\Session\Handlers\FileHandler' driver.
DEBUG - 2026-05-05 06:07:44 --> Session: Class initialized using 'CodeIgniter\Session\Handlers\FileHandler' driver.
ERROR - 2026-05-05 06:07:44 --> Table 'kuliner_kampus.pesanan' doesn't exist
in SYSTEMPATH\Database\MySQLi\Connection.php on line 300.
 1 SYSTEMPATH\Database\MySQLi\Connection.php(300): mysqli->query('INSERT INTO `pesanan` (`id_tempat`, `nama_tempat`, `kategori`, `nama_pemesan`, `nomor_hp`, `menu_pesanan`, `jumlah`, `harga_perkiraan`, `catatan`, `metode_pembayaran`, `status_pesanan`, `tanggal_pesan`, `user_id`) VALUES (\'6\', \'Cafe Kopi Aja\', \'Cafe\', \'Salma Okan\', \'08123456789\', \'[{\\"name\\":\\"Chicken Sandwich\\",\\"quantity\\":1,\\"price\\":45000,\\"subtotal\\":45000}]\', 1, 50400, \'tidak pedas\', \'Transfer Bank\', \'Menunggu Konfirmasi\', \'2026-05-05 06:07:44\', NULL)', 0)
 2 SYSTEMPATH\Database\BaseConnection.php(910): CodeIgniter\Database\MySQLi\Connection->execute('INSERT INTO `pesanan` (`id_tempat`, `nama_tempat`, `kategori`, `nama_pemesan`, `nomor_hp`, `menu_pesanan`, `jumlah`, `harga_perkiraan`, `catatan`, `metode_pembayaran`, `status_pesanan`, `tanggal_pesan`, `user_id`) VALUES (\'6\', \'Cafe Kopi Aja\', \'Cafe\', \'Salma Okan\', \'08123456789\', \'[{\\"name\\":\\"Chicken Sandwich\\",\\"quantity\\":1,\\"price\\":45000,\\"subtotal\\":45000}]\', 1, 50400, \'tidak pedas\', \'Transfer Bank\', \'Menunggu Konfirmasi\', \'2026-05-05 06:07:44\', NULL)')
 3 SYSTEMPATH\Database\BaseConnection.php(827): CodeIgniter\Database\BaseConnection->simpleQuery('INSERT INTO `pesanan` (`id_tempat`, `nama_tempat`, `kategori`, `nama_pemesan`, `nomor_hp`, `menu_pesanan`, `jumlah`, `harga_perkiraan`, `catatan`, `metode_pembayaran`, `status_pesanan`, `tanggal_pesan`, `user_id`) VALUES (\'6\', \'Cafe Kopi Aja\', \'Cafe\', \'Salma Okan\', \'08123456789\', \'[{\\"name\\":\\"Chicken Sandwich\\",\\"quantity\\":1,\\"price\\":45000,\\"subtotal\\":45000}]\', 1, 50400, \'tidak pedas\', \'Transfer Bank\', \'Menunggu Konfirmasi\', \'2026-05-05 06:07:44\', NULL)')
 4 SYSTEMPATH\Database\BaseBuilder.php(2345): CodeIgniter\Database\BaseConnection->query('INSERT INTO `pesanan` (`id_tempat`, `nama_tempat`, `kategori`, `nama_pemesan`, `nomor_hp`, `menu_pesanan`, `jumlah`, `harga_perkiraan`, `catatan`, `metode_pembayaran`, `status_pesanan`, `tanggal_pesan`, `user_id`) VALUES (:id_tempat:, :nama_tempat:, :kategori:, :nama_pemesan:, :nomor_hp:, :menu_pesanan:, :jumlah:, :harga_perkiraan:, :catatan:, :metode_pembayaran:, :status_pesanan:, :tanggal_pesan:, :user_id:)', [...], false)
 5 SYSTEMPATH\Model.php(355): CodeIgniter\Database\BaseBuilder->insert()
 6 SYSTEMPATH\BaseModel.php(899): CodeIgniter\Model->doInsert([...])
 7 SYSTEMPATH\Model.php(668): CodeIgniter\BaseModel->insert([...], true)
 8 APPPATH\Controllers\Pesanan.php(88): CodeIgniter\Model->insert([...])
 9 SYSTEMPATH\CodeIgniter.php(951): App\Controllers\Pesanan->simpan()
10 SYSTEMPATH\CodeIgniter.php(497): CodeIgniter\CodeIgniter->runController(Object(App\Controllers\Pesanan))
11 SYSTEMPATH\CodeIgniter.php(340): CodeIgniter\CodeIgniter->handleRequest(null, Object(Config\Cache), false)
12 SYSTEMPATH\Boot.php(417): CodeIgniter\CodeIgniter->run()
13 SYSTEMPATH\Boot.php(68): CodeIgniter\Boot::runCodeIgniter(Object(CodeIgniter\CodeIgniter))
14 FCPATH\index.php(59): CodeIgniter\Boot::bootWeb(Object(Config\Paths))
15 SYSTEMPATH\rewrite.php(44): require_once('C:\\xampp\\htdocs\\codeigniter4-framework-b3359be\\public\\index.php')
DEBUG - 2026-05-05 06:07:54 --> Session: Class initialized using 'CodeIgniter\Session\Handlers\FileHandler' driver.
ERROR - 2026-05-05 06:07:54 --> Table 'kuliner_kampus.pesanan' doesn't exist
in SYSTEMPATH\Database\MySQLi\Connection.php on line 300.
 1 SYSTEMPATH\Database\MySQLi\Connection.php(300): mysqli->query('INSERT INTO `pesanan` (`id_tempat`, `nama_tempat`, `kategori`, `nama_pemesan`, `nomor_hp`, `menu_pesanan`, `jumlah`, `harga_perkiraan`, `catatan`, `metode_pembayaran`, `status_pesanan`, `tanggal_pesan`, `user_id`) VALUES (\'6\', \'Cafe Kopi Aja\', \'Cafe\', \'Salma Okan\', \'08123456789\', \'[{\\"name\\":\\"Chicken Sandwich\\",\\"quantity\\":1,\\"price\\":45000,\\"subtotal\\":45000}]\', 1, 50400, \'tidak pedas\', \'Tunai\', \'Menunggu Konfirmasi\', \'2026-05-05 06:07:54\', NULL)', 0)
 2 SYSTEMPATH\Database\BaseConnection.php(910): CodeIgniter\Database\MySQLi\Connection->execute('INSERT INTO `pesanan` (`id_tempat`, `nama_tempat`, `kategori`, `nama_pemesan`, `nomor_hp`, `menu_pesanan`, `jumlah`, `harga_perkiraan`, `catatan`, `metode_pembayaran`, `status_pesanan`, `tanggal_pesan`, `user_id`) VALUES (\'6\', \'Cafe Kopi Aja\', \'Cafe\', \'Salma Okan\', \'08123456789\', \'[{\\"name\\":\\"Chicken Sandwich\\",\\"quantity\\":1,\\"price\\":45000,\\"subtotal\\":45000}]\', 1, 50400, \'tidak pedas\', \'Tunai\', \'Menunggu Konfirmasi\', \'2026-05-05 06:07:54\', NULL)')
 3 SYSTEMPATH\Database\BaseConnection.php(827): CodeIgniter\Database\BaseConnection->simpleQuery('INSERT INTO `pesanan` (`id_tempat`, `nama_tempat`, `kategori`, `nama_pemesan`, `nomor_hp`, `menu_pesanan`, `jumlah`, `harga_perkiraan`, `catatan`, `metode_pembayaran`, `status_pesanan`, `tanggal_pesan`, `user_id`) VALUES (\'6\', \'Cafe Kopi Aja\', \'Cafe\', \'Salma Okan\', \'08123456789\', \'[{\\"name\\":\\"Chicken Sandwich\\",\\"quantity\\":1,\\"price\\":45000,\\"subtotal\\":45000}]\', 1, 50400, \'tidak pedas\', \'Tunai\', \'Menunggu Konfirmasi\', \'2026-05-05 06:07:54\', NULL)')
 4 SYSTEMPATH\Database\BaseBuilder.php(2345): CodeIgniter\Database\BaseConnection->query('INSERT INTO `pesanan` (`id_tempat`, `nama_tempat`, `kategori`, `nama_pemesan`, `nomor_hp`, `menu_pesanan`, `jumlah`, `harga_perkiraan`, `catatan`, `metode_pembayaran`, `status_pesanan`, `tanggal_pesan`, `user_id`) VALUES (:id_tempat:, :nama_tempat:, :kategori:, :nama_pemesan:, :nomor_hp:, :menu_pesanan:, :jumlah:, :harga_perkiraan:, :catatan:, :metode_pembayaran:, :status_pesanan:, :tanggal_pesan:, :user_id:)', [...], false)
 5 SYSTEMPATH\Model.php(355): CodeIgniter\Database\BaseBuilder->insert()
 6 SYSTEMPATH\BaseModel.php(899): CodeIgniter\Model->doInsert([...])
 7 SYSTEMPATH\Model.php(668): CodeIgniter\BaseModel->insert([...], true)
 8 APPPATH\Controllers\Pesanan.php(88): CodeIgniter\Model->insert([...])
 9 SYSTEMPATH\CodeIgniter.php(951): App\Controllers\Pesanan->simpan()
10 SYSTEMPATH\CodeIgniter.php(497): CodeIgniter\CodeIgniter->runController(Object(App\Controllers\Pesanan))
11 SYSTEMPATH\CodeIgniter.php(340): CodeIgniter\CodeIgniter->handleRequest(null, Object(Config\Cache), false)
12 SYSTEMPATH\Boot.php(417): CodeIgniter\CodeIgniter->run()
13 SYSTEMPATH\Boot.php(68): CodeIgniter\Boot::runCodeIgniter(Object(CodeIgniter\CodeIgniter))
14 FCPATH\index.php(59): CodeIgniter\Boot::bootWeb(Object(Config\Paths))
15 SYSTEMPATH\rewrite.php(44): require_once('C:\\xampp\\htdocs\\codeigniter4-framework-b3359be\\public\\index.php')
DEBUG - 2026-05-05 06:08:00 --> Session: Class initialized using 'CodeIgniter\Session\Handlers\FileHandler' driver.
ERROR - 2026-05-05 06:08:00 --> Table 'kuliner_kampus.pesanan' doesn't exist
in SYSTEMPATH\Database\MySQLi\Connection.php on line 300.
 1 SYSTEMPATH\Database\MySQLi\Connection.php(300): mysqli->query('INSERT INTO `pesanan` (`id_tempat`, `nama_tempat`, `kategori`, `nama_pemesan`, `nomor_hp`, `menu_pesanan`, `jumlah`, `harga_perkiraan`, `catatan`, `metode_pembayaran`, `status_pesanan`, `tanggal_pesan`, `user_id`) VALUES (\'6\', \'Cafe Kopi Aja\', \'Cafe\', \'Salma Okan\', \'08123456789\', \'[{\\"name\\":\\"Chicken Sandwich\\",\\"quantity\\":1,\\"price\\":45000,\\"subtotal\\":45000}]\', 1, 50400, \'tidak pedas\', \'E-Wallet\', \'Menunggu Konfirmasi\', \'2026-05-05 06:08:00\', NULL)', 0)
 2 SYSTEMPATH\Database\BaseConnection.php(910): CodeIgniter\Database\MySQLi\Connection->execute('INSERT INTO `pesanan` (`id_tempat`, `nama_tempat`, `kategori`, `nama_pemesan`, `nomor_hp`, `menu_pesanan`, `jumlah`, `harga_perkiraan`, `catatan`, `metode_pembayaran`, `status_pesanan`, `tanggal_pesan`, `user_id`) VALUES (\'6\', \'Cafe Kopi Aja\', \'Cafe\', \'Salma Okan\', \'08123456789\', \'[{\\"name\\":\\"Chicken Sandwich\\",\\"quantity\\":1,\\"price\\":45000,\\"subtotal\\":45000}]\', 1, 50400, \'tidak pedas\', \'E-Wallet\', \'Menunggu Konfirmasi\', \'2026-05-05 06:08:00\', NULL)')
 3 SYSTEMPATH\Database\BaseConnection.php(827): CodeIgniter\Database\BaseConnection->simpleQuery('INSERT INTO `pesanan` (`id_tempat`, `nama_tempat`, `kategori`, `nama_pemesan`, `nomor_hp`, `menu_pesanan`, `jumlah`, `harga_perkiraan`, `catatan`, `metode_pembayaran`, `status_pesanan`, `tanggal_pesan`, `user_id`) VALUES (\'6\', \'Cafe Kopi Aja\', \'Cafe\', \'Salma Okan\', \'08123456789\', \'[{\\"name\\":\\"Chicken Sandwich\\",\\"quantity\\":1,\\"price\\":45000,\\"subtotal\\":45000}]\', 1, 50400, \'tidak pedas\', \'E-Wallet\', \'Menunggu Konfirmasi\', \'2026-05-05 06:08:00\', NULL)')
 4 SYSTEMPATH\Database\BaseBuilder.php(2345): CodeIgniter\Database\BaseConnection->query('INSERT INTO `pesanan` (`id_tempat`, `nama_tempat`, `kategori`, `nama_pemesan`, `nomor_hp`, `menu_pesanan`, `jumlah`, `harga_perkiraan`, `catatan`, `metode_pembayaran`, `status_pesanan`, `tanggal_pesan`, `user_id`) VALUES (:id_tempat:, :nama_tempat:, :kategori:, :nama_pemesan:, :nomor_hp:, :menu_pesanan:, :jumlah:, :harga_perkiraan:, :catatan:, :metode_pembayaran:, :status_pesanan:, :tanggal_pesan:, :user_id:)', [...], false)
 5 SYSTEMPATH\Model.php(355): CodeIgniter\Database\BaseBuilder->insert()
 6 SYSTEMPATH\BaseModel.php(899): CodeIgniter\Model->doInsert([...])
 7 SYSTEMPATH\Model.php(668): CodeIgniter\BaseModel->insert([...], true)
 8 APPPATH\Controllers\Pesanan.php(88): CodeIgniter\Model->insert([...])
 9 SYSTEMPATH\CodeIgniter.php(951): App\Controllers\Pesanan->simpan()
10 SYSTEMPATH\CodeIgniter.php(497): CodeIgniter\CodeIgniter->runController(Object(App\Controllers\Pesanan))
11 SYSTEMPATH\CodeIgniter.php(340): CodeIgniter\CodeIgniter->handleRequest(null, Object(Config\Cache), false)
12 SYSTEMPATH\Boot.php(417): CodeIgniter\CodeIgniter->run()
13 SYSTEMPATH\Boot.php(68): CodeIgniter\Boot::runCodeIgniter(Object(CodeIgniter\CodeIgniter))
14 FCPATH\index.php(59): CodeIgniter\Boot::bootWeb(Object(Config\Paths))
15 SYSTEMPATH\rewrite.php(44): require_once('C:\\xampp\\htdocs\\codeigniter4-framework-b3359be\\public\\index.php')
DEBUG - 2026-05-05 06:09:13 --> Session: Class initialized using 'CodeIgniter\Session\Handlers\FileHandler' driver.
DEBUG - 2026-05-05 06:09:48 --> Session: Class initialized using 'CodeIgniter\Session\Handlers\FileHandler' driver.
DEBUG - 2026-05-05 06:09:49 --> Session: Class initialized using 'CodeIgniter\Session\Handlers\FileHandler' driver.
DEBUG - 2026-05-05 06:10:15 --> Session: Class initialized using 'CodeIgniter\Session\Handlers\FileHandler' driver.
DEBUG - 2026-05-05 06:10:16 --> Session: Class initialized using 'CodeIgniter\Session\Handlers\FileHandler' driver.
DEBUG - 2026-05-05 06:11:13 --> Session: Class initialized using 'CodeIgniter\Session\Handlers\FileHandler' driver.
DEBUG - 2026-05-05 06:11:14 --> Session: Class initialized using 'CodeIgniter\Session\Handlers\FileHandler' driver.
DEBUG - 2026-05-05 06:11:32 --> Session: Class initialized using 'CodeIgniter\Session\Handlers\FileHandler' driver.
DEBUG - 2026-05-05 06:11:33 --> Session: Class initialized using 'CodeIgniter\Session\Handlers\FileHandler' driver.
DEBUG - 2026-05-05 06:13:38 --> Session: Class initialized using 'CodeIgniter\Session\Handlers\FileHandler' driver.
DEBUG - 2026-05-05 06:14:06 --> Session: Class initialized using 'CodeIgniter\Session\Handlers\FileHandler' driver.
DEBUG - 2026-05-05 06:19:56 --> Session: Class initialized using 'CodeIgniter\Session\Handlers\FileHandler' driver.
DEBUG - 2026-05-05 06:19:56 --> Session: Class initialized using 'CodeIgniter\Session\Handlers\FileHandler' driver.
DEBUG - 2026-05-05 06:29:34 --> Session: Class initialized using 'CodeIgniter\Session\Handlers\FileHandler' driver.
DEBUG - 2026-05-05 06:29:36 --> Session: Class initialized using 'CodeIgniter\Session\Handlers\FileHandler' driver.
DEBUG - 2026-05-05 06:31:22 --> Session: Class initialized using 'CodeIgniter\Session\Handlers\FileHandler' driver.
DEBUG - 2026-05-05 06:31:23 --> Session: Class initialized using 'CodeIgniter\Session\Handlers\FileHandler' driver.
DEBUG - 2026-05-05 06:31:34 --> Session: Class initialized using 'CodeIgniter\Session\Handlers\FileHandler' driver.
DEBUG - 2026-05-05 06:31:34 --> Session: Class initialized using 'CodeIgniter\Session\Handlers\FileHandler' driver.
DEBUG - 2026-05-05 06:31:57 --> Session: Class initialized using 'CodeIgniter\Session\Handlers\FileHandler' driver.
DEBUG - 2026-05-05 06:31:57 --> Session: Class initialized using 'CodeIgniter\Session\Handlers\FileHandler' driver.
DEBUG - 2026-05-05 06:39:48 --> Session: Class initialized using 'CodeIgniter\Session\Handlers\FileHandler' driver.
DEBUG - 2026-05-05 06:46:00 --> Session: Class initialized using 'CodeIgniter\Session\Handlers\FileHandler' driver.
DEBUG - 2026-05-05 06:46:01 --> Session: Class initialized using 'CodeIgniter\Session\Handlers\FileHandler' driver.
DEBUG - 2026-05-05 06:46:14 --> Session: Class initialized using 'CodeIgniter\Session\Handlers\FileHandler' driver.
DEBUG - 2026-05-05 06:46:15 --> Session: Class initialized using 'CodeIgniter\Session\Handlers\FileHandler' driver.
DEBUG - 2026-05-05 06:46:50 --> Session: Class initialized using 'CodeIgniter\Session\Handlers\FileHandler' driver.
DEBUG - 2026-05-05 06:46:52 --> Session: Class initialized using 'CodeIgniter\Session\Handlers\FileHandler' driver.
DEBUG - 2026-05-05 06:47:01 --> Session: Class initialized using 'CodeIgniter\Session\Handlers\FileHandler' driver.
DEBUG - 2026-05-05 06:47:02 --> Session: Class initialized using 'CodeIgniter\Session\Handlers\FileHandler' driver.
DEBUG - 2026-05-05 07:14:10 --> Session: Class initialized using 'CodeIgniter\Session\Handlers\FileHandler' driver.
DEBUG - 2026-05-05 07:17:02 --> Session: Class initialized using 'CodeIgniter\Session\Handlers\FileHandler' driver.
ERROR - 2026-05-05 07:17:02 --> Table 'kuliner_kampus.pesanan' doesn't exist
in SYSTEMPATH\Database\MySQLi\Connection.php on line 300.
 1 SYSTEMPATH\Database\MySQLi\Connection.php(300): mysqli->query('INSERT INTO `pesanan` (`id_tempat`, `nama_tempat`, `kategori`, `nama_pemesan`, `nomor_hp`, `menu_pesanan`, `jumlah`, `harga_perkiraan`, `catatan`, `metode_pembayaran`, `status_pesanan`, `tanggal_pesan`, `user_id`) VALUES (\'6\', \'Cafe Kopi Aja\', \'Cafe\', \'Salma Okan\', \'08123456789\', \'[{\\"name\\":\\"Kopi Latte\\",\\"quantity\\":1,\\"price\\":28000,\\"subtotal\\":28000}]\', 1, 31360, \'\', \'Tunai\', \'Menunggu Konfirmasi\', \'2026-05-05 07:17:02\', NULL)', 0)
 2 SYSTEMPATH\Database\BaseConnection.php(910): CodeIgniter\Database\MySQLi\Connection->execute('INSERT INTO `pesanan` (`id_tempat`, `nama_tempat`, `kategori`, `nama_pemesan`, `nomor_hp`, `menu_pesanan`, `jumlah`, `harga_perkiraan`, `catatan`, `metode_pembayaran`, `status_pesanan`, `tanggal_pesan`, `user_id`) VALUES (\'6\', \'Cafe Kopi Aja\', \'Cafe\', \'Salma Okan\', \'08123456789\', \'[{\\"name\\":\\"Kopi Latte\\",\\"quantity\\":1,\\"price\\":28000,\\"subtotal\\":28000}]\', 1, 31360, \'\', \'Tunai\', \'Menunggu Konfirmasi\', \'2026-05-05 07:17:02\', NULL)')
 3 SYSTEMPATH\Database\BaseConnection.php(827): CodeIgniter\Database\BaseConnection->simpleQuery('INSERT INTO `pesanan` (`id_tempat`, `nama_tempat`, `kategori`, `nama_pemesan`, `nomor_hp`, `menu_pesanan`, `jumlah`, `harga_perkiraan`, `catatan`, `metode_pembayaran`, `status_pesanan`, `tanggal_pesan`, `user_id`) VALUES (\'6\', \'Cafe Kopi Aja\', \'Cafe\', \'Salma Okan\', \'08123456789\', \'[{\\"name\\":\\"Kopi Latte\\",\\"quantity\\":1,\\"price\\":28000,\\"subtotal\\":28000}]\', 1, 31360, \'\', \'Tunai\', \'Menunggu Konfirmasi\', \'2026-05-05 07:17:02\', NULL)')
 4 SYSTEMPATH\Database\BaseBuilder.php(2345): CodeIgniter\Database\BaseConnection->query('INSERT INTO `pesanan` (`id_tempat`, `nama_tempat`, `kategori`, `nama_pemesan`, `nomor_hp`, `menu_pesanan`, `jumlah`, `harga_perkiraan`, `catatan`, `metode_pembayaran`, `status_pesanan`, `tanggal_pesan`, `user_id`) VALUES (:id_tempat:, :nama_tempat:, :kategori:, :nama_pemesan:, :nomor_hp:, :menu_pesanan:, :jumlah:, :harga_perkiraan:, :catatan:, :metode_pembayaran:, :status_pesanan:, :tanggal_pesan:, :user_id:)', [...], false)
 5 SYSTEMPATH\Model.php(355): CodeIgniter\Database\BaseBuilder->insert()
 6 SYSTEMPATH\BaseModel.php(899): CodeIgniter\Model->doInsert([...])
 7 SYSTEMPATH\Model.php(668): CodeIgniter\BaseModel->insert([...], true)
 8 APPPATH\Controllers\Pesanan.php(88): CodeIgniter\Model->insert([...])
 9 SYSTEMPATH\CodeIgniter.php(951): App\Controllers\Pesanan->simpan()
10 SYSTEMPATH\CodeIgniter.php(497): CodeIgniter\CodeIgniter->runController(Object(App\Controllers\Pesanan))
11 SYSTEMPATH\CodeIgniter.php(340): CodeIgniter\CodeIgniter->handleRequest(null, Object(Config\Cache), false)
12 SYSTEMPATH\Boot.php(417): CodeIgniter\CodeIgniter->run()
13 SYSTEMPATH\Boot.php(68): CodeIgniter\Boot::runCodeIgniter(Object(CodeIgniter\CodeIgniter))
14 FCPATH\index.php(59): CodeIgniter\Boot::bootWeb(Object(Config\Paths))
15 SYSTEMPATH\rewrite.php(44): require_once('C:\\xampp\\htdocs\\codeigniter4-framework-b3359be\\public\\index.php')
DEBUG - 2026-05-05 07:17:23 --> Session: Class initialized using 'CodeIgniter\Session\Handlers\FileHandler' driver.
ERROR - 2026-05-05 07:17:23 --> Table 'kuliner_kampus.pesanan' doesn't exist
in SYSTEMPATH\Database\MySQLi\Connection.php on line 300.
 1 SYSTEMPATH\Database\MySQLi\Connection.php(300): mysqli->query('INSERT INTO `pesanan` (`id_tempat`, `nama_tempat`, `kategori`, `nama_pemesan`, `nomor_hp`, `menu_pesanan`, `jumlah`, `harga_perkiraan`, `catatan`, `metode_pembayaran`, `status_pesanan`, `tanggal_pesan`, `user_id`) VALUES (\'6\', \'Cafe Kopi Aja\', \'Cafe\', \'Salma Okan\', \'08123456789\', \'[{\\"name\\":\\"Kopi Latte\\",\\"quantity\\":1,\\"price\\":28000,\\"subtotal\\":28000}]\', 1, 31360, \'tanpa nasi\', \'Tunai\', \'Menunggu Konfirmasi\', \'2026-05-05 07:17:23\', NULL)', 0)
 2 SYSTEMPATH\Database\BaseConnection.php(910): CodeIgniter\Database\MySQLi\Connection->execute('INSERT INTO `pesanan` (`id_tempat`, `nama_tempat`, `kategori`, `nama_pemesan`, `nomor_hp`, `menu_pesanan`, `jumlah`, `harga_perkiraan`, `catatan`, `metode_pembayaran`, `status_pesanan`, `tanggal_pesan`, `user_id`) VALUES (\'6\', \'Cafe Kopi Aja\', \'Cafe\', \'Salma Okan\', \'08123456789\', \'[{\\"name\\":\\"Kopi Latte\\",\\"quantity\\":1,\\"price\\":28000,\\"subtotal\\":28000}]\', 1, 31360, \'tanpa nasi\', \'Tunai\', \'Menunggu Konfirmasi\', \'2026-05-05 07:17:23\', NULL)')
 3 SYSTEMPATH\Database\BaseConnection.php(827): CodeIgniter\Database\BaseConnection->simpleQuery('INSERT INTO `pesanan` (`id_tempat`, `nama_tempat`, `kategori`, `nama_pemesan`, `nomor_hp`, `menu_pesanan`, `jumlah`, `harga_perkiraan`, `catatan`, `metode_pembayaran`, `status_pesanan`, `tanggal_pesan`, `user_id`) VALUES (\'6\', \'Cafe Kopi Aja\', \'Cafe\', \'Salma Okan\', \'08123456789\', \'[{\\"name\\":\\"Kopi Latte\\",\\"quantity\\":1,\\"price\\":28000,\\"subtotal\\":28000}]\', 1, 31360, \'tanpa nasi\', \'Tunai\', \'Menunggu Konfirmasi\', \'2026-05-05 07:17:23\', NULL)')
 4 SYSTEMPATH\Database\BaseBuilder.php(2345): CodeIgniter\Database\BaseConnection->query('INSERT INTO `pesanan` (`id_tempat`, `nama_tempat`, `kategori`, `nama_pemesan`, `nomor_hp`, `menu_pesanan`, `jumlah`, `harga_perkiraan`, `catatan`, `metode_pembayaran`, `status_pesanan`, `tanggal_pesan`, `user_id`) VALUES (:id_tempat:, :nama_tempat:, :kategori:, :nama_pemesan:, :nomor_hp:, :menu_pesanan:, :jumlah:, :harga_perkiraan:, :catatan:, :metode_pembayaran:, :status_pesanan:, :tanggal_pesan:, :user_id:)', [...], false)
 5 SYSTEMPATH\Model.php(355): CodeIgniter\Database\BaseBuilder->insert()
 6 SYSTEMPATH\BaseModel.php(899): CodeIgniter\Model->doInsert([...])
 7 SYSTEMPATH\Model.php(668): CodeIgniter\BaseModel->insert([...], true)
 8 APPPATH\Controllers\Pesanan.php(88): CodeIgniter\Model->insert([...])
 9 SYSTEMPATH\CodeIgniter.php(951): App\Controllers\Pesanan->simpan()
10 SYSTEMPATH\CodeIgniter.php(497): CodeIgniter\CodeIgniter->runController(Object(App\Controllers\Pesanan))
11 SYSTEMPATH\CodeIgniter.php(340): CodeIgniter\CodeIgniter->handleRequest(null, Object(Config\Cache), false)
12 SYSTEMPATH\Boot.php(417): CodeIgniter\CodeIgniter->run()
13 SYSTEMPATH\Boot.php(68): CodeIgniter\Boot::runCodeIgniter(Object(CodeIgniter\CodeIgniter))
14 FCPATH\index.php(59): CodeIgniter\Boot::bootWeb(Object(Config\Paths))
15 SYSTEMPATH\rewrite.php(44): require_once('C:\\xampp\\htdocs\\codeigniter4-framework-b3359be\\public\\index.php')
DEBUG - 2026-05-05 07:17:37 --> Session: Class initialized using 'CodeIgniter\Session\Handlers\FileHandler' driver.
ERROR - 2026-05-05 07:17:37 --> Table 'kuliner_kampus.pesanan' doesn't exist
in SYSTEMPATH\Database\MySQLi\Connection.php on line 300.
 1 SYSTEMPATH\Database\MySQLi\Connection.php(300): mysqli->query('INSERT INTO `pesanan` (`id_tempat`, `nama_tempat`, `kategori`, `nama_pemesan`, `nomor_hp`, `menu_pesanan`, `jumlah`, `harga_perkiraan`, `catatan`, `metode_pembayaran`, `status_pesanan`, `tanggal_pesan`, `user_id`) VALUES (\'6\', \'Cafe Kopi Aja\', \'Cafe\', \'Salma Okan\', \'08123456789\', \'[{\\"name\\":\\"Kopi Latte\\",\\"quantity\\":1,\\"price\\":28000,\\"subtotal\\":28000}]\', 1, 31360, \'tanpa nasi\', \'Tunai\', \'Menunggu Konfirmasi\', \'2026-05-05 07:17:37\', NULL)', 0)
 2 SYSTEMPATH\Database\BaseConnection.php(910): CodeIgniter\Database\MySQLi\Connection->execute('INSERT INTO `pesanan` (`id_tempat`, `nama_tempat`, `kategori`, `nama_pemesan`, `nomor_hp`, `menu_pesanan`, `jumlah`, `harga_perkiraan`, `catatan`, `metode_pembayaran`, `status_pesanan`, `tanggal_pesan`, `user_id`) VALUES (\'6\', \'Cafe Kopi Aja\', \'Cafe\', \'Salma Okan\', \'08123456789\', \'[{\\"name\\":\\"Kopi Latte\\",\\"quantity\\":1,\\"price\\":28000,\\"subtotal\\":28000}]\', 1, 31360, \'tanpa nasi\', \'Tunai\', \'Menunggu Konfirmasi\', \'2026-05-05 07:17:37\', NULL)')
 3 SYSTEMPATH\Database\BaseConnection.php(827): CodeIgniter\Database\BaseConnection->simpleQuery('INSERT INTO `pesanan` (`id_tempat`, `nama_tempat`, `kategori`, `nama_pemesan`, `nomor_hp`, `menu_pesanan`, `jumlah`, `harga_perkiraan`, `catatan`, `metode_pembayaran`, `status_pesanan`, `tanggal_pesan`, `user_id`) VALUES (\'6\', \'Cafe Kopi Aja\', \'Cafe\', \'Salma Okan\', \'08123456789\', \'[{\\"name\\":\\"Kopi Latte\\",\\"quantity\\":1,\\"price\\":28000,\\"subtotal\\":28000}]\', 1, 31360, \'tanpa nasi\', \'Tunai\', \'Menunggu Konfirmasi\', \'2026-05-05 07:17:37\', NULL)')
 4 SYSTEMPATH\Database\BaseBuilder.php(2345): CodeIgniter\Database\BaseConnection->query('INSERT INTO `pesanan` (`id_tempat`, `nama_tempat`, `kategori`, `nama_pemesan`, `nomor_hp`, `menu_pesanan`, `jumlah`, `harga_perkiraan`, `catatan`, `metode_pembayaran`, `status_pesanan`, `tanggal_pesan`, `user_id`) VALUES (:id_tempat:, :nama_tempat:, :kategori:, :nama_pemesan:, :nomor_hp:, :menu_pesanan:, :jumlah:, :harga_perkiraan:, :catatan:, :metode_pembayaran:, :status_pesanan:, :tanggal_pesan:, :user_id:)', [...], false)
 5 SYSTEMPATH\Model.php(355): CodeIgniter\Database\BaseBuilder->insert()
 6 SYSTEMPATH\BaseModel.php(899): CodeIgniter\Model->doInsert([...])
 7 SYSTEMPATH\Model.php(668): CodeIgniter\BaseModel->insert([...], true)
 8 APPPATH\Controllers\Pesanan.php(88): CodeIgniter\Model->insert([...])
 9 SYSTEMPATH\CodeIgniter.php(951): App\Controllers\Pesanan->simpan()
10 SYSTEMPATH\CodeIgniter.php(497): CodeIgniter\CodeIgniter->runController(Object(App\Controllers\Pesanan))
11 SYSTEMPATH\CodeIgniter.php(340): CodeIgniter\CodeIgniter->handleRequest(null, Object(Config\Cache), false)
12 SYSTEMPATH\Boot.php(417): CodeIgniter\CodeIgniter->run()
13 SYSTEMPATH\Boot.php(68): CodeIgniter\Boot::runCodeIgniter(Object(CodeIgniter\CodeIgniter))
14 FCPATH\index.php(59): CodeIgniter\Boot::bootWeb(Object(Config\Paths))
15 SYSTEMPATH\rewrite.php(44): require_once('C:\\xampp\\htdocs\\codeigniter4-framework-b3359be\\public\\index.php')
DEBUG - 2026-05-05 07:18:10 --> Session: Class initialized using 'CodeIgniter\Session\Handlers\FileHandler' driver.
ERROR - 2026-05-05 07:18:10 --> Table 'kuliner_kampus.pesanan' doesn't exist
in SYSTEMPATH\Database\MySQLi\Connection.php on line 300.
 1 SYSTEMPATH\Database\MySQLi\Connection.php(300): mysqli->query('INSERT INTO `pesanan` (`id_tempat`, `nama_tempat`, `kategori`, `nama_pemesan`, `nomor_hp`, `menu_pesanan`, `jumlah`, `harga_perkiraan`, `catatan`, `metode_pembayaran`, `status_pesanan`, `tanggal_pesan`, `user_id`) VALUES (\'6\', \'Cafe Kopi Aja\', \'Cafe\', \'Salma Okan\', \'08123456789\', \'[{\\"name\\":\\"Kopi Latte\\",\\"quantity\\":2,\\"price\\":28000,\\"subtotal\\":56000},{\\"name\\":\\"Chicken Sandwich\\",\\"quantity\\":1,\\"price\\":45000,\\"subtotal\\":45000}]\', 3, 113120, \'tanpa nasi\', \'Tunai\', \'Menunggu Konfirmasi\', \'2026-05-05 07:18:10\', NULL)', 0)
 2 SYSTEMPATH\Database\BaseConnection.php(910): CodeIgniter\Database\MySQLi\Connection->execute('INSERT INTO `pesanan` (`id_tempat`, `nama_tempat`, `kategori`, `nama_pemesan`, `nomor_hp`, `menu_pesanan`, `jumlah`, `harga_perkiraan`, `catatan`, `metode_pembayaran`, `status_pesanan`, `tanggal_pesan`, `user_id`) VALUES (\'6\', \'Cafe Kopi Aja\', \'Cafe\', \'Salma Okan\', \'08123456789\', \'[{\\"name\\":\\"Kopi Latte\\",\\"quantity\\":2,\\"price\\":28000,\\"subtotal\\":56000},{\\"name\\":\\"Chicken Sandwich\\",\\"quantity\\":1,\\"price\\":45000,\\"subtotal\\":45000}]\', 3, 113120, \'tanpa nasi\', \'Tunai\', \'Menunggu Konfirmasi\', \'2026-05-05 07:18:10\', NULL)')
 3 SYSTEMPATH\Database\BaseConnection.php(827): CodeIgniter\Database\BaseConnection->simpleQuery('INSERT INTO `pesanan` (`id_tempat`, `nama_tempat`, `kategori`, `nama_pemesan`, `nomor_hp`, `menu_pesanan`, `jumlah`, `harga_perkiraan`, `catatan`, `metode_pembayaran`, `status_pesanan`, `tanggal_pesan`, `user_id`) VALUES (\'6\', \'Cafe Kopi Aja\', \'Cafe\', \'Salma Okan\', \'08123456789\', \'[{\\"name\\":\\"Kopi Latte\\",\\"quantity\\":2,\\"price\\":28000,\\"subtotal\\":56000},{\\"name\\":\\"Chicken Sandwich\\",\\"quantity\\":1,\\"price\\":45000,\\"subtotal\\":45000}]\', 3, 113120, \'tanpa nasi\', \'Tunai\', \'Menunggu Konfirmasi\', \'2026-05-05 07:18:10\', NULL)')
 4 SYSTEMPATH\Database\BaseBuilder.php(2345): CodeIgniter\Database\BaseConnection->query('INSERT INTO `pesanan` (`id_tempat`, `nama_tempat`, `kategori`, `nama_pemesan`, `nomor_hp`, `menu_pesanan`, `jumlah`, `harga_perkiraan`, `catatan`, `metode_pembayaran`, `status_pesanan`, `tanggal_pesan`, `user_id`) VALUES (:id_tempat:, :nama_tempat:, :kategori:, :nama_pemesan:, :nomor_hp:, :menu_pesanan:, :jumlah:, :harga_perkiraan:, :catatan:, :metode_pembayaran:, :status_pesanan:, :tanggal_pesan:, :user_id:)', [...], false)
 5 SYSTEMPATH\Model.php(355): CodeIgniter\Database\BaseBuilder->insert()
 6 SYSTEMPATH\BaseModel.php(899): CodeIgniter\Model->doInsert([...])
 7 SYSTEMPATH\Model.php(668): CodeIgniter\BaseModel->insert([...], true)
 8 APPPATH\Controllers\Pesanan.php(88): CodeIgniter\Model->insert([...])
 9 SYSTEMPATH\CodeIgniter.php(951): App\Controllers\Pesanan->simpan()
10 SYSTEMPATH\CodeIgniter.php(497): CodeIgniter\CodeIgniter->runController(Object(App\Controllers\Pesanan))
11 SYSTEMPATH\CodeIgniter.php(340): CodeIgniter\CodeIgniter->handleRequest(null, Object(Config\Cache), false)
12 SYSTEMPATH\Boot.php(417): CodeIgniter\CodeIgniter->run()
13 SYSTEMPATH\Boot.php(68): CodeIgniter\Boot::runCodeIgniter(Object(CodeIgniter\CodeIgniter))
14 FCPATH\index.php(59): CodeIgniter\Boot::bootWeb(Object(Config\Paths))
15 SYSTEMPATH\rewrite.php(44): require_once('C:\\xampp\\htdocs\\codeigniter4-framework-b3359be\\public\\index.php')
DEBUG - 2026-05-05 07:19:09 --> Session: Class initialized using 'CodeIgniter\Session\Handlers\FileHandler' driver.
ERROR - 2026-05-05 07:19:09 --> Table 'kuliner_kampus.pesanan' doesn't exist
in SYSTEMPATH\Database\MySQLi\Connection.php on line 300.
 1 SYSTEMPATH\Database\MySQLi\Connection.php(300): mysqli->query('INSERT INTO `pesanan` (`id_tempat`, `nama_tempat`, `kategori`, `nama_pemesan`, `nomor_hp`, `menu_pesanan`, `jumlah`, `harga_perkiraan`, `catatan`, `metode_pembayaran`, `status_pesanan`, `tanggal_pesan`, `user_id`) VALUES (\'6\', \'Cafe Kopi Aja\', \'Cafe\', \'Salma Okan\', \'0822345678\', \'[{\\"name\\":\\"Kopi Latte\\",\\"quantity\\":1,\\"price\\":28000,\\"subtotal\\":28000}]\', 1, 31360, \'tanpa sambal\', \'Tunai\', \'Menunggu Konfirmasi\', \'2026-05-05 07:19:09\', NULL)', 0)
 2 SYSTEMPATH\Database\BaseConnection.php(910): CodeIgniter\Database\MySQLi\Connection->execute('INSERT INTO `pesanan` (`id_tempat`, `nama_tempat`, `kategori`, `nama_pemesan`, `nomor_hp`, `menu_pesanan`, `jumlah`, `harga_perkiraan`, `catatan`, `metode_pembayaran`, `status_pesanan`, `tanggal_pesan`, `user_id`) VALUES (\'6\', \'Cafe Kopi Aja\', \'Cafe\', \'Salma Okan\', \'0822345678\', \'[{\\"name\\":\\"Kopi Latte\\",\\"quantity\\":1,\\"price\\":28000,\\"subtotal\\":28000}]\', 1, 31360, \'tanpa sambal\', \'Tunai\', \'Menunggu Konfirmasi\', \'2026-05-05 07:19:09\', NULL)')
 3 SYSTEMPATH\Database\BaseConnection.php(827): CodeIgniter\Database\BaseConnection->simpleQuery('INSERT INTO `pesanan` (`id_tempat`, `nama_tempat`, `kategori`, `nama_pemesan`, `nomor_hp`, `menu_pesanan`, `jumlah`, `harga_perkiraan`, `catatan`, `metode_pembayaran`, `status_pesanan`, `tanggal_pesan`, `user_id`) VALUES (\'6\', \'Cafe Kopi Aja\', \'Cafe\', \'Salma Okan\', \'0822345678\', \'[{\\"name\\":\\"Kopi Latte\\",\\"quantity\\":1,\\"price\\":28000,\\"subtotal\\":28000}]\', 1, 31360, \'tanpa sambal\', \'Tunai\', \'Menunggu Konfirmasi\', \'2026-05-05 07:19:09\', NULL)')
 4 SYSTEMPATH\Database\BaseBuilder.php(2345): CodeIgniter\Database\BaseConnection->query('INSERT INTO `pesanan` (`id_tempat`, `nama_tempat`, `kategori`, `nama_pemesan`, `nomor_hp`, `menu_pesanan`, `jumlah`, `harga_perkiraan`, `catatan`, `metode_pembayaran`, `status_pesanan`, `tanggal_pesan`, `user_id`) VALUES (:id_tempat:, :nama_tempat:, :kategori:, :nama_pemesan:, :nomor_hp:, :menu_pesanan:, :jumlah:, :harga_perkiraan:, :catatan:, :metode_pembayaran:, :status_pesanan:, :tanggal_pesan:, :user_id:)', [...], false)
 5 SYSTEMPATH\Model.php(355): CodeIgniter\Database\BaseBuilder->insert()
 6 SYSTEMPATH\BaseModel.php(899): CodeIgniter\Model->doInsert([...])
 7 SYSTEMPATH\Model.php(668): CodeIgniter\BaseModel->insert([...], true)
 8 APPPATH\Controllers\Pesanan.php(88): CodeIgniter\Model->insert([...])
 9 SYSTEMPATH\CodeIgniter.php(951): App\Controllers\Pesanan->simpan()
10 SYSTEMPATH\CodeIgniter.php(497): CodeIgniter\CodeIgniter->runController(Object(App\Controllers\Pesanan))
11 SYSTEMPATH\CodeIgniter.php(340): CodeIgniter\CodeIgniter->handleRequest(null, Object(Config\Cache), false)
12 SYSTEMPATH\Boot.php(417): CodeIgniter\CodeIgniter->run()
13 SYSTEMPATH\Boot.php(68): CodeIgniter\Boot::runCodeIgniter(Object(CodeIgniter\CodeIgniter))
14 FCPATH\index.php(59): CodeIgniter\Boot::bootWeb(Object(Config\Paths))
15 SYSTEMPATH\rewrite.php(44): require_once('C:\\xampp\\htdocs\\codeigniter4-framework-b3359be\\public\\index.php')
DEBUG - 2026-05-05 07:19:39 --> Session: Class initialized using 'CodeIgniter\Session\Handlers\FileHandler' driver.
ERROR - 2026-05-05 07:19:39 --> Table 'kuliner_kampus.pesanan' doesn't exist
in SYSTEMPATH\Database\MySQLi\Connection.php on line 300.
 1 SYSTEMPATH\Database\MySQLi\Connection.php(300): mysqli->query('INSERT INTO `pesanan` (`id_tempat`, `nama_tempat`, `kategori`, `nama_pemesan`, `nomor_hp`, `menu_pesanan`, `jumlah`, `harga_perkiraan`, `catatan`, `metode_pembayaran`, `status_pesanan`, `tanggal_pesan`, `user_id`) VALUES (\'6\', \'Cafe Kopi Aja\', \'Cafe\', \'Salma Okan\', \'0822345678\', \'[{\\"name\\":\\"Kopi Latte\\",\\"quantity\\":1,\\"price\\":28000,\\"subtotal\\":28000}]\', 1, 31360, \'tanpa sambal\', \'Tunai\', \'Menunggu Konfirmasi\', \'2026-05-05 07:19:39\', NULL)', 0)
 2 SYSTEMPATH\Database\BaseConnection.php(910): CodeIgniter\Database\MySQLi\Connection->execute('INSERT INTO `pesanan` (`id_tempat`, `nama_tempat`, `kategori`, `nama_pemesan`, `nomor_hp`, `menu_pesanan`, `jumlah`, `harga_perkiraan`, `catatan`, `metode_pembayaran`, `status_pesanan`, `tanggal_pesan`, `user_id`) VALUES (\'6\', \'Cafe Kopi Aja\', \'Cafe\', \'Salma Okan\', \'0822345678\', \'[{\\"name\\":\\"Kopi Latte\\",\\"quantity\\":1,\\"price\\":28000,\\"subtotal\\":28000}]\', 1, 31360, \'tanpa sambal\', \'Tunai\', \'Menunggu Konfirmasi\', \'2026-05-05 07:19:39\', NULL)')
 3 SYSTEMPATH\Database\BaseConnection.php(827): CodeIgniter\Database\BaseConnection->simpleQuery('INSERT INTO `pesanan` (`id_tempat`, `nama_tempat`, `kategori`, `nama_pemesan`, `nomor_hp`, `menu_pesanan`, `jumlah`, `harga_perkiraan`, `catatan`, `metode_pembayaran`, `status_pesanan`, `tanggal_pesan`, `user_id`) VALUES (\'6\', \'Cafe Kopi Aja\', \'Cafe\', \'Salma Okan\', \'0822345678\', \'[{\\"name\\":\\"Kopi Latte\\",\\"quantity\\":1,\\"price\\":28000,\\"subtotal\\":28000}]\', 1, 31360, \'tanpa sambal\', \'Tunai\', \'Menunggu Konfirmasi\', \'2026-05-05 07:19:39\', NULL)')
 4 SYSTEMPATH\Database\BaseBuilder.php(2345): CodeIgniter\Database\BaseConnection->query('INSERT INTO `pesanan` (`id_tempat`, `nama_tempat`, `kategori`, `nama_pemesan`, `nomor_hp`, `menu_pesanan`, `jumlah`, `harga_perkiraan`, `catatan`, `metode_pembayaran`, `status_pesanan`, `tanggal_pesan`, `user_id`) VALUES (:id_tempat:, :nama_tempat:, :kategori:, :nama_pemesan:, :nomor_hp:, :menu_pesanan:, :jumlah:, :harga_perkiraan:, :catatan:, :metode_pembayaran:, :status_pesanan:, :tanggal_pesan:, :user_id:)', [...], false)
 5 SYSTEMPATH\Model.php(355): CodeIgniter\Database\BaseBuilder->insert()
 6 SYSTEMPATH\BaseModel.php(899): CodeIgniter\Model->doInsert([...])
 7 SYSTEMPATH\Model.php(668): CodeIgniter\BaseModel->insert([...], true)
 8 APPPATH\Controllers\Pesanan.php(88): CodeIgniter\Model->insert([...])
 9 SYSTEMPATH\CodeIgniter.php(951): App\Controllers\Pesanan->simpan()
10 SYSTEMPATH\CodeIgniter.php(497): CodeIgniter\CodeIgniter->runController(Object(App\Controllers\Pesanan))
11 SYSTEMPATH\CodeIgniter.php(340): CodeIgniter\CodeIgniter->handleRequest(null, Object(Config\Cache), false)
12 SYSTEMPATH\Boot.php(417): CodeIgniter\CodeIgniter->run()
13 SYSTEMPATH\Boot.php(68): CodeIgniter\Boot::runCodeIgniter(Object(CodeIgniter\CodeIgniter))
14 FCPATH\index.php(59): CodeIgniter\Boot::bootWeb(Object(Config\Paths))
15 SYSTEMPATH\rewrite.php(44): require_once('C:\\xampp\\htdocs\\codeigniter4-framework-b3359be\\public\\index.php')
DEBUG - 2026-05-05 07:20:35 --> Session: Class initialized using 'CodeIgniter\Session\Handlers\FileHandler' driver.
ERROR - 2026-05-05 07:20:35 --> Table 'kuliner_kampus.pesanan' doesn't exist
in SYSTEMPATH\Database\MySQLi\Connection.php on line 300.
 1 SYSTEMPATH\Database\MySQLi\Connection.php(300): mysqli->query('INSERT INTO `pesanan` (`id_tempat`, `nama_tempat`, `kategori`, `nama_pemesan`, `nomor_hp`, `menu_pesanan`, `jumlah`, `harga_perkiraan`, `catatan`, `metode_pembayaran`, `status_pesanan`, `tanggal_pesan`, `user_id`) VALUES (\'2\', \'Warmindo Spesial\', \'Angkringan\', \'Salma Okan\', \'08123456789\', \'[{\\"name\\":\\"Sate Usus\\",\\"quantity\\":1,\\"price\\":15000,\\"subtotal\\":15000}]\', 1, 16800, \'tdk\', \'Tunai\', \'Menunggu Konfirmasi\', \'2026-05-05 07:20:35\', NULL)', 0)
 2 SYSTEMPATH\Database\BaseConnection.php(910): CodeIgniter\Database\MySQLi\Connection->execute('INSERT INTO `pesanan` (`id_tempat`, `nama_tempat`, `kategori`, `nama_pemesan`, `nomor_hp`, `menu_pesanan`, `jumlah`, `harga_perkiraan`, `catatan`, `metode_pembayaran`, `status_pesanan`, `tanggal_pesan`, `user_id`) VALUES (\'2\', \'Warmindo Spesial\', \'Angkringan\', \'Salma Okan\', \'08123456789\', \'[{\\"name\\":\\"Sate Usus\\",\\"quantity\\":1,\\"price\\":15000,\\"subtotal\\":15000}]\', 1, 16800, \'tdk\', \'Tunai\', \'Menunggu Konfirmasi\', \'2026-05-05 07:20:35\', NULL)')
 3 SYSTEMPATH\Database\BaseConnection.php(827): CodeIgniter\Database\BaseConnection->simpleQuery('INSERT INTO `pesanan` (`id_tempat`, `nama_tempat`, `kategori`, `nama_pemesan`, `nomor_hp`, `menu_pesanan`, `jumlah`, `harga_perkiraan`, `catatan`, `metode_pembayaran`, `status_pesanan`, `tanggal_pesan`, `user_id`) VALUES (\'2\', \'Warmindo Spesial\', \'Angkringan\', \'Salma Okan\', \'08123456789\', \'[{\\"name\\":\\"Sate Usus\\",\\"quantity\\":1,\\"price\\":15000,\\"subtotal\\":15000}]\', 1, 16800, \'tdk\', \'Tunai\', \'Menunggu Konfirmasi\', \'2026-05-05 07:20:35\', NULL)')
 4 SYSTEMPATH\Database\BaseBuilder.php(2345): CodeIgniter\Database\BaseConnection->query('INSERT INTO `pesanan` (`id_tempat`, `nama_tempat`, `kategori`, `nama_pemesan`, `nomor_hp`, `menu_pesanan`, `jumlah`, `harga_perkiraan`, `catatan`, `metode_pembayaran`, `status_pesanan`, `tanggal_pesan`, `user_id`) VALUES (:id_tempat:, :nama_tempat:, :kategori:, :nama_pemesan:, :nomor_hp:, :menu_pesanan:, :jumlah:, :harga_perkiraan:, :catatan:, :metode_pembayaran:, :status_pesanan:, :tanggal_pesan:, :user_id:)', [...], false)
 5 SYSTEMPATH\Model.php(355): CodeIgniter\Database\BaseBuilder->insert()
 6 SYSTEMPATH\BaseModel.php(899): CodeIgniter\Model->doInsert([...])
 7 SYSTEMPATH\Model.php(668): CodeIgniter\BaseModel->insert([...], true)
 8 APPPATH\Controllers\Pesanan.php(88): CodeIgniter\Model->insert([...])
 9 SYSTEMPATH\CodeIgniter.php(951): App\Controllers\Pesanan->simpan()
10 SYSTEMPATH\CodeIgniter.php(497): CodeIgniter\CodeIgniter->runController(Object(App\Controllers\Pesanan))
11 SYSTEMPATH\CodeIgniter.php(340): CodeIgniter\CodeIgniter->handleRequest(null, Object(Config\Cache), false)
12 SYSTEMPATH\Boot.php(417): CodeIgniter\CodeIgniter->run()
13 SYSTEMPATH\Boot.php(68): CodeIgniter\Boot::runCodeIgniter(Object(CodeIgniter\CodeIgniter))
14 FCPATH\index.php(59): CodeIgniter\Boot::bootWeb(Object(Config\Paths))
15 SYSTEMPATH\rewrite.php(44): require_once('C:\\xampp\\htdocs\\codeigniter4-framework-b3359be\\public\\index.php')
DEBUG - 2026-05-05 07:20:55 --> Session: Class initialized using 'CodeIgniter\Session\Handlers\FileHandler' driver.
ERROR - 2026-05-05 07:20:55 --> Table 'kuliner_kampus.pesanan' doesn't exist
in SYSTEMPATH\Database\MySQLi\Connection.php on line 300.
 1 SYSTEMPATH\Database\MySQLi\Connection.php(300): mysqli->query('INSERT INTO `pesanan` (`id_tempat`, `nama_tempat`, `kategori`, `nama_pemesan`, `nomor_hp`, `menu_pesanan`, `jumlah`, `harga_perkiraan`, `catatan`, `metode_pembayaran`, `status_pesanan`, `tanggal_pesan`, `user_id`) VALUES (\'2\', \'Warmindo Spesial\', \'Angkringan\', \'Salma Okan\', \'08123456789\', \'[{\\"name\\":\\"Sate Usus\\",\\"quantity\\":1,\\"price\\":15000,\\"subtotal\\":15000}]\', 1, 16800, \'tdk\', \'Transfer Bank\', \'Menunggu Konfirmasi\', \'2026-05-05 07:20:55\', NULL)', 0)
 2 SYSTEMPATH\Database\BaseConnection.php(910): CodeIgniter\Database\MySQLi\Connection->execute('INSERT INTO `pesanan` (`id_tempat`, `nama_tempat`, `kategori`, `nama_pemesan`, `nomor_hp`, `menu_pesanan`, `jumlah`, `harga_perkiraan`, `catatan`, `metode_pembayaran`, `status_pesanan`, `tanggal_pesan`, `user_id`) VALUES (\'2\', \'Warmindo Spesial\', \'Angkringan\', \'Salma Okan\', \'08123456789\', \'[{\\"name\\":\\"Sate Usus\\",\\"quantity\\":1,\\"price\\":15000,\\"subtotal\\":15000}]\', 1, 16800, \'tdk\', \'Transfer Bank\', \'Menunggu Konfirmasi\', \'2026-05-05 07:20:55\', NULL)')
 3 SYSTEMPATH\Database\BaseConnection.php(827): CodeIgniter\Database\BaseConnection->simpleQuery('INSERT INTO `pesanan` (`id_tempat`, `nama_tempat`, `kategori`, `nama_pemesan`, `nomor_hp`, `menu_pesanan`, `jumlah`, `harga_perkiraan`, `catatan`, `metode_pembayaran`, `status_pesanan`, `tanggal_pesan`, `user_id`) VALUES (\'2\', \'Warmindo Spesial\', \'Angkringan\', \'Salma Okan\', \'08123456789\', \'[{\\"name\\":\\"Sate Usus\\",\\"quantity\\":1,\\"price\\":15000,\\"subtotal\\":15000}]\', 1, 16800, \'tdk\', \'Transfer Bank\', \'Menunggu Konfirmasi\', \'2026-05-05 07:20:55\', NULL)')
 4 SYSTEMPATH\Database\BaseBuilder.php(2345): CodeIgniter\Database\BaseConnection->query('INSERT INTO `pesanan` (`id_tempat`, `nama_tempat`, `kategori`, `nama_pemesan`, `nomor_hp`, `menu_pesanan`, `jumlah`, `harga_perkiraan`, `catatan`, `metode_pembayaran`, `status_pesanan`, `tanggal_pesan`, `user_id`) VALUES (:id_tempat:, :nama_tempat:, :kategori:, :nama_pemesan:, :nomor_hp:, :menu_pesanan:, :jumlah:, :harga_perkiraan:, :catatan:, :metode_pembayaran:, :status_pesanan:, :tanggal_pesan:, :user_id:)', [...], false)
 5 SYSTEMPATH\Model.php(355): CodeIgniter\Database\BaseBuilder->insert()
 6 SYSTEMPATH\BaseModel.php(899): CodeIgniter\Model->doInsert([...])
 7 SYSTEMPATH\Model.php(668): CodeIgniter\BaseModel->insert([...], true)
 8 APPPATH\Controllers\Pesanan.php(88): CodeIgniter\Model->insert([...])
 9 SYSTEMPATH\CodeIgniter.php(951): App\Controllers\Pesanan->simpan()
10 SYSTEMPATH\CodeIgniter.php(497): CodeIgniter\CodeIgniter->runController(Object(App\Controllers\Pesanan))
11 SYSTEMPATH\CodeIgniter.php(340): CodeIgniter\CodeIgniter->handleRequest(null, Object(Config\Cache), false)
12 SYSTEMPATH\Boot.php(417): CodeIgniter\CodeIgniter->run()
13 SYSTEMPATH\Boot.php(68): CodeIgniter\Boot::runCodeIgniter(Object(CodeIgniter\CodeIgniter))
14 FCPATH\index.php(59): CodeIgniter\Boot::bootWeb(Object(Config\Paths))
15 SYSTEMPATH\rewrite.php(44): require_once('C:\\xampp\\htdocs\\codeigniter4-framework-b3359be\\public\\index.php')
DEBUG - 2026-05-05 07:21:12 --> Session: Class initialized using 'CodeIgniter\Session\Handlers\FileHandler' driver.
ERROR - 2026-05-05 07:21:12 --> Table 'kuliner_kampus.pesanan' doesn't exist
in SYSTEMPATH\Database\MySQLi\Connection.php on line 300.
 1 SYSTEMPATH\Database\MySQLi\Connection.php(300): mysqli->query('INSERT INTO `pesanan` (`id_tempat`, `nama_tempat`, `kategori`, `nama_pemesan`, `nomor_hp`, `menu_pesanan`, `jumlah`, `harga_perkiraan`, `catatan`, `metode_pembayaran`, `status_pesanan`, `tanggal_pesan`, `user_id`) VALUES (\'2\', \'Warmindo Spesial\', \'Angkringan\', \'Salma Okan\', \'08123456789\', \'[{\\"name\\":\\"Sate Usus\\",\\"quantity\\":1,\\"price\\":15000,\\"subtotal\\":15000},{\\"name\\":\\"Es Teh Manis\\",\\"quantity\\":6,\\"price\\":7000,\\"subtotal\\":42000}]\', 7, 63840, \'tdk\', \'Transfer Bank\', \'Menunggu Konfirmasi\', \'2026-05-05 07:21:12\', NULL)', 0)
 2 SYSTEMPATH\Database\BaseConnection.php(910): CodeIgniter\Database\MySQLi\Connection->execute('INSERT INTO `pesanan` (`id_tempat`, `nama_tempat`, `kategori`, `nama_pemesan`, `nomor_hp`, `menu_pesanan`, `jumlah`, `harga_perkiraan`, `catatan`, `metode_pembayaran`, `status_pesanan`, `tanggal_pesan`, `user_id`) VALUES (\'2\', \'Warmindo Spesial\', \'Angkringan\', \'Salma Okan\', \'08123456789\', \'[{\\"name\\":\\"Sate Usus\\",\\"quantity\\":1,\\"price\\":15000,\\"subtotal\\":15000},{\\"name\\":\\"Es Teh Manis\\",\\"quantity\\":6,\\"price\\":7000,\\"subtotal\\":42000}]\', 7, 63840, \'tdk\', \'Transfer Bank\', \'Menunggu Konfirmasi\', \'2026-05-05 07:21:12\', NULL)')
 3 SYSTEMPATH\Database\BaseConnection.php(827): CodeIgniter\Database\BaseConnection->simpleQuery('INSERT INTO `pesanan` (`id_tempat`, `nama_tempat`, `kategori`, `nama_pemesan`, `nomor_hp`, `menu_pesanan`, `jumlah`, `harga_perkiraan`, `catatan`, `metode_pembayaran`, `status_pesanan`, `tanggal_pesan`, `user_id`) VALUES (\'2\', \'Warmindo Spesial\', \'Angkringan\', \'Salma Okan\', \'08123456789\', \'[{\\"name\\":\\"Sate Usus\\",\\"quantity\\":1,\\"price\\":15000,\\"subtotal\\":15000},{\\"name\\":\\"Es Teh Manis\\",\\"quantity\\":6,\\"price\\":7000,\\"subtotal\\":42000}]\', 7, 63840, \'tdk\', \'Transfer Bank\', \'Menunggu Konfirmasi\', \'2026-05-05 07:21:12\', NULL)')
 4 SYSTEMPATH\Database\BaseBuilder.php(2345): CodeIgniter\Database\BaseConnection->query('INSERT INTO `pesanan` (`id_tempat`, `nama_tempat`, `kategori`, `nama_pemesan`, `nomor_hp`, `menu_pesanan`, `jumlah`, `harga_perkiraan`, `catatan`, `metode_pembayaran`, `status_pesanan`, `tanggal_pesan`, `user_id`) VALUES (:id_tempat:, :nama_tempat:, :kategori:, :nama_pemesan:, :nomor_hp:, :menu_pesanan:, :jumlah:, :harga_perkiraan:, :catatan:, :metode_pembayaran:, :status_pesanan:, :tanggal_pesan:, :user_id:)', [...], false)
 5 SYSTEMPATH\Model.php(355): CodeIgniter\Database\BaseBuilder->insert()
 6 SYSTEMPATH\BaseModel.php(899): CodeIgniter\Model->doInsert([...])
 7 SYSTEMPATH\Model.php(668): CodeIgniter\BaseModel->insert([...], true)
 8 APPPATH\Controllers\Pesanan.php(88): CodeIgniter\Model->insert([...])
 9 SYSTEMPATH\CodeIgniter.php(951): App\Controllers\Pesanan->simpan()
10 SYSTEMPATH\CodeIgniter.php(497): CodeIgniter\CodeIgniter->runController(Object(App\Controllers\Pesanan))
11 SYSTEMPATH\CodeIgniter.php(340): CodeIgniter\CodeIgniter->handleRequest(null, Object(Config\Cache), false)
12 SYSTEMPATH\Boot.php(417): CodeIgniter\CodeIgniter->run()
13 SYSTEMPATH\Boot.php(68): CodeIgniter\Boot::runCodeIgniter(Object(CodeIgniter\CodeIgniter))
14 FCPATH\index.php(59): CodeIgniter\Boot::bootWeb(Object(Config\Paths))
15 SYSTEMPATH\rewrite.php(44): require_once('C:\\xampp\\htdocs\\codeigniter4-framework-b3359be\\public\\index.php')
DEBUG - 2026-05-05 07:24:05 --> Session: Class initialized using 'CodeIgniter\Session\Handlers\FileHandler' driver.
DEBUG - 2026-05-05 07:35:13 --> Session: Class initialized using 'CodeIgniter\Session\Handlers\FileHandler' driver.
DEBUG - 2026-05-05 07:35:14 --> Session: Class initialized using 'CodeIgniter\Session\Handlers\FileHandler' driver.
DEBUG - 2026-05-05 07:35:46 --> Session: Class initialized using 'CodeIgniter\Session\Handlers\FileHandler' driver.
DEBUG - 2026-05-05 07:35:47 --> Session: Class initialized using 'CodeIgniter\Session\Handlers\FileHandler' driver.
DEBUG - 2026-05-05 07:46:30 --> Session: Class initialized using 'CodeIgniter\Session\Handlers\FileHandler' driver.
DEBUG - 2026-05-05 07:46:31 --> Session: Class initialized using 'CodeIgniter\Session\Handlers\FileHandler' driver.
DEBUG - 2026-05-05 07:56:15 --> Session: Class initialized using 'CodeIgniter\Session\Handlers\FileHandler' driver.
DEBUG - 2026-05-05 07:56:17 --> Session: Class initialized using 'CodeIgniter\Session\Handlers\FileHandler' driver.
DEBUG - 2026-05-05 08:39:13 --> Session: Class initialized using 'CodeIgniter\Session\Handlers\FileHandler' driver.
DEBUG - 2026-05-05 08:39:17 --> Session: Class initialized using 'CodeIgniter\Session\Handlers\FileHandler' driver.
CRITICAL - 2026-05-05 08:40:00 --> GuzzleHttp\Exception\ConnectException: cURL error 52: Empty reply from server (see https://curl.haxx.se/libcurl/c/libcurl-errors.html) for https://oauth2.googleapis.com/token
[Method: GET, Route: auth/googleCallback]
in VENDORPATH\guzzlehttp\guzzle\src\Handler\CurlFactory.php on line 277.
 1 VENDORPATH\guzzlehttp\guzzle\src\Handler\CurlFactory.php(207): GuzzleHttp\Handler\CurlFactory::createRejection(Object(GuzzleHttp\Handler\EasyHandle), [...])
 2 VENDORPATH\guzzlehttp\guzzle\src\Handler\CurlFactory.php(159): GuzzleHttp\Handler\CurlFactory::finishError(Object(GuzzleHttp\Handler\CurlHandler), Object(GuzzleHttp\Handler\EasyHandle), Object(GuzzleHttp\Handler\CurlFactory))
 3 VENDORPATH\guzzlehttp\guzzle\src\Handler\CurlHandler.php(47): GuzzleHttp\Handler\CurlFactory::finish(Object(GuzzleHttp\Handler\CurlHandler), Object(GuzzleHttp\Handler\EasyHandle), Object(GuzzleHttp\Handler\CurlFactory))
 4 VENDORPATH\guzzlehttp\guzzle\src\Handler\Proxy.php(28): GuzzleHttp\Handler\CurlHandler->__invoke(Object(GuzzleHttp\Psr7\Request), [...])
 5 VENDORPATH\guzzlehttp\guzzle\src\Handler\Proxy.php(48): GuzzleHttp\Handler\Proxy::GuzzleHttp\Handler\{closure}(Object(GuzzleHttp\Psr7\Request), [...])
 6 VENDORPATH\guzzlehttp\guzzle\src\PrepareBodyMiddleware.php(64): GuzzleHttp\Handler\Proxy::GuzzleHttp\Handler\{closure}(Object(GuzzleHttp\Psr7\Request), [...])
 7 VENDORPATH\guzzlehttp\guzzle\src\Middleware.php(31): GuzzleHttp\PrepareBodyMiddleware->__invoke(Object(GuzzleHttp\Psr7\Request), [...])
 8 VENDORPATH\guzzlehttp\guzzle\src\RedirectMiddleware.php(71): GuzzleHttp\Middleware::GuzzleHttp\{closure}(Object(GuzzleHttp\Psr7\Request), [...])
 9 VENDORPATH\guzzlehttp\guzzle\src\Middleware.php(63): GuzzleHttp\RedirectMiddleware->__invoke(Object(GuzzleHttp\Psr7\Request), [...])
10 VENDORPATH\guzzlehttp\guzzle\src\HandlerStack.php(75): GuzzleHttp\Middleware::GuzzleHttp\{closure}(Object(GuzzleHttp\Psr7\Request), [...])
11 VENDORPATH\guzzlehttp\guzzle\src\Client.php(333): GuzzleHttp\HandlerStack->__invoke(Object(GuzzleHttp\Psr7\Request), [...])
12 VENDORPATH\guzzlehttp\guzzle\src\Client.php(106): GuzzleHttp\Client->transfer(Object(GuzzleHttp\Psr7\Request), [...])
13 VENDORPATH\guzzlehttp\guzzle\src\Client.php(124): GuzzleHttp\Client->sendAsync(Object(GuzzleHttp\Psr7\Request), [...])
14 VENDORPATH\google\auth\src\HttpHandler\Guzzle6HttpHandler.php(65): GuzzleHttp\Client->send(Object(GuzzleHttp\Psr7\Request), [...])
15 VENDORPATH\google\auth\src\OAuth2.php(678): Google\Auth\HttpHandler\Guzzle6HttpHandler->__invoke(Object(GuzzleHttp\Psr7\Request))
16 VENDORPATH\google\apiclient\src\Client.php(303): Google\Auth\OAuth2->fetchAuthToken(Object(Google\Auth\HttpHandler\Guzzle7HttpHandler))
17 APPPATH\Controllers\Auth.php(73): Google\Client->fetchAccessTokenWithAuthCode('4/0AeoWuM-mXZX2zpaErTC7Lun_Nkml08wr6Y0w-R_5psrTvYMh7KKKGj-HF47j6Rq0qLNW3A')
18 SYSTEMPATH\CodeIgniter.php(951): App\Controllers\Auth->googleCallback()
19 SYSTEMPATH\CodeIgniter.php(497): CodeIgniter\CodeIgniter->runController(Object(App\Controllers\Auth))
20 SYSTEMPATH\CodeIgniter.php(340): CodeIgniter\CodeIgniter->handleRequest(null, Object(Config\Cache), false)
21 SYSTEMPATH\Boot.php(417): CodeIgniter\CodeIgniter->run()
22 SYSTEMPATH\Boot.php(68): CodeIgniter\Boot::runCodeIgniter(Object(CodeIgniter\CodeIgniter))
23 FCPATH\index.php(59): CodeIgniter\Boot::bootWeb(Object(Config\Paths))
24 SYSTEMPATH\rewrite.php(44): require_once('C:\\xampp\\htdocs\\codeigniter4-framework-b3359be\\public\\index.php')
